CRITICAL - 2026-05-04 10:34:24 --> CodeIgniter\Database\Exceptions\DataException: There is no data to insert.
[Method: POST, Route: api/pengguna/register]
in SYSTEMPATH\BaseModel.php on line 885.
 1 SYSTEMPATH\BaseModel.php(885): CodeIgniter\Database\Exceptions\DataException::forEmptyDataset('insert')
 2 SYSTEMPATH\Model.php(668): CodeIgniter\BaseModel->insert([], true)
 3 APPPATH\Controllers\PenggunaController.php(53): CodeIgniter\Model->insert(Object(stdClass))
 4 SYSTEMPATH\CodeIgniter.php(951): App\Controllers\PenggunaController->register()
 5 SYSTEMPATH\CodeIgniter.php(497): CodeIgniter\CodeIgniter->runController(Object(App\Controllers\PenggunaController))
 6 SYSTEMPATH\CodeIgniter.php(340): CodeIgniter\CodeIgniter->handleRequest(null, Object(Config\Cache), false)
 7 SYSTEMPATH\Boot.php(417): CodeIgniter\CodeIgniter->run()
 8 SYSTEMPATH\Boot.php(68): CodeIgniter\Boot::runCodeIgniter(Object(CodeIgniter\CodeIgniter))
 9 FCPATH\index.php(59): CodeIgniter\Boot::bootWeb(Object(Config\Paths))
10 SYSTEMPATH\rewrite.php(44): require_once('C:\\Users\\loma\\Perpustakaan_CI4\\public\\index.php')
ERROR - 2026-05-04 10:35:35 --> Error connecting to the database: mysqli_sql_exception: Unknown database 'db_perpus' in C:\Users\loma\Perpustakaan_CI4\system\Database\MySQLi\Connection.php:201
Stack trace:
#0 C:\Users\loma\Perpustakaan_CI4\system\Database\MySQLi\Connection.php(201): mysqli->real_connect('localhost', 'root', Object(SensitiveParameterValue), 'db_perpus', 3306, '', 0)
#1 C:\Users\loma\Perpustakaan_CI4\system\Database\BaseConnection.php(555): CodeIgniter\Database\MySQLi\Connection->connect(false)
#2 C:\Users\loma\Perpustakaan_CI4\system\Database\BaseConnection.php(795): CodeIgniter\Database\BaseConnection->initialize()
#3 C:\Users\loma\Perpustakaan_CI4\system\Database\BaseBuilder.php(2345): CodeIgniter\Database\BaseConnection->query('INSERT INTO `pe...', Array, false)
#4 C:\Users\loma\Perpustakaan_CI4\system\Model.php(355): CodeIgniter\Database\BaseBuilder->insert()
#5 C:\Users\loma\Perpustakaan_CI4\system\BaseModel.php(899): CodeIgniter\Model->doInsert(Array)
#6 C:\Users\loma\Perpustakaan_CI4\system\Model.php(668): CodeIgniter\BaseModel->insert(Array, true)
#7 C:\Users\loma\Perpustakaan_CI4\app\Controllers\PenggunaController.php(53): CodeIgniter\Model->insert(Object(stdClass))
#8 C:\Users\loma\Perpustakaan_CI4\system\CodeIgniter.php(951): App\Controllers\PenggunaController->register()
#9 C:\Users\loma\Perpustakaan_CI4\system\CodeIgniter.php(497): CodeIgniter\CodeIgniter->runController(Object(App\Controllers\PenggunaController))
#10 C:\Users\loma\Perpustakaan_CI4\system\CodeIgniter.php(340): CodeIgniter\CodeIgniter->handleRequest(NULL, Object(Config\Cache), false)
#11 C:\Users\loma\Perpustakaan_CI4\system\Boot.php(417): CodeIgniter\CodeIgniter->run()
#12 C:\Users\loma\Perpustakaan_CI4\system\Boot.php(68): CodeIgniter\Boot::runCodeIgniter(Object(CodeIgniter\CodeIgniter))
#13 C:\Users\loma\Perpustakaan_CI4\public\index.php(59): CodeIgniter\Boot::bootWeb(Object(Config\Paths))
#14 C:\Users\loma\Perpustakaan_CI4\system\rewrite.php(44): require_once('C:\\Users\\loma\\P...')
#15 {main}

Next CodeIgniter\Database\Exceptions\DatabaseException: Unknown database 'db_perpus' in C:\Users\loma\Perpustakaan_CI4\system\Database\MySQLi\Connection.php:231
Stack trace:
#0 C:\Users\loma\Perpustakaan_CI4\system\Database\BaseConnection.php(555): CodeIgniter\Database\MySQLi\Connection->connect(false)
#1 C:\Users\loma\Perpustakaan_CI4\system\Database\BaseConnection.php(795): CodeIgniter\Database\BaseConnection->initialize()
#2 C:\Users\loma\Perpustakaan_CI4\system\Database\BaseBuilder.php(2345): CodeIgniter\Database\BaseConnection->query('INSERT INTO `pe...', Array, false)
#3 C:\Users\loma\Perpustakaan_CI4\system\Model.php(355): CodeIgniter\Database\BaseBuilder->insert()
#4 C:\Users\loma\Perpustakaan_CI4\system\BaseModel.php(899): CodeIgniter\Model->doInsert(Array)
#5 C:\Users\loma\Perpustakaan_CI4\system\Model.php(668): CodeIgniter\BaseModel->insert(Array, true)
#6 C:\Users\loma\Perpustakaan_CI4\app\Controllers\PenggunaController.php(53): CodeIgniter\Model->insert(Object(stdClass))
#7 C:\Users\loma\Perpustakaan_CI4\system\CodeIgniter.php(951): App\Controllers\PenggunaController->register()
#8 C:\Users\loma\Perpustakaan_CI4\system\CodeIgniter.php(497): CodeIgniter\CodeIgniter->runController(Object(App\Controllers\PenggunaController))
#9 C:\Users\loma\Perpustakaan_CI4\system\CodeIgniter.php(340): CodeIgniter\CodeIgniter->handleRequest(NULL, Object(Config\Cache), false)
#10 C:\Users\loma\Perpustakaan_CI4\system\Boot.php(417): CodeIgniter\CodeIgniter->run()
#11 C:\Users\loma\Perpustakaan_CI4\system\Boot.php(68): CodeIgniter\Boot::runCodeIgniter(Object(CodeIgniter\CodeIgniter))
#12 C:\Users\loma\Perpustakaan_CI4\public\index.php(59): CodeIgniter\Boot::bootWeb(Object(Config\Paths))
#13 C:\Users\loma\Perpustakaan_CI4\system\rewrite.php(44): require_once('C:\\Users\\loma\\P...')
#14 {main}
CRITICAL - 2026-05-04 10:35:35 --> CodeIgniter\Database\Exceptions\DatabaseException: Unable to connect to the database.
Main connection [MySQLi]: Unknown database 'db_perpus'
[Method: POST, Route: api/pengguna/register]
in SYSTEMPATH\Database\BaseConnection.php on line 606.
 1 SYSTEMPATH\Database\BaseConnection.php(795): CodeIgniter\Database\BaseConnection->initialize()
 2 SYSTEMPATH\Database\BaseBuilder.php(2345): CodeIgniter\Database\BaseConnection->query('INSERT INTO `pengguna` (`role`, `email`, `password`, `created_at`, `updated_at`) VALUES (:role:, :email:, :password:, :created_at:, :updated_at:)', [...], false)
 3 SYSTEMPATH\Model.php(355): CodeIgniter\Database\BaseBuilder->insert()
 4 SYSTEMPATH\BaseModel.php(899): CodeIgniter\Model->doInsert([...])
 5 SYSTEMPATH\Model.php(668): CodeIgniter\BaseModel->insert([...], true)
 6 APPPATH\Controllers\PenggunaController.php(53): CodeIgniter\Model->insert(Object(stdClass))
 7 SYSTEMPATH\CodeIgniter.php(951): App\Controllers\PenggunaController->register()
 8 SYSTEMPATH\CodeIgniter.php(497): CodeIgniter\CodeIgniter->runController(Object(App\Controllers\PenggunaController))
 9 SYSTEMPATH\CodeIgniter.php(340): CodeIgniter\CodeIgniter->handleRequest(null, Object(Config\Cache), false)
10 SYSTEMPATH\Boot.php(417): CodeIgniter\CodeIgniter->run()
11 SYSTEMPATH\Boot.php(68): CodeIgniter\Boot::runCodeIgniter(Object(CodeIgniter\CodeIgniter))
12 FCPATH\index.php(59): CodeIgniter\Boot::bootWeb(Object(Config\Paths))
13 SYSTEMPATH\rewrite.php(44): require_once('C:\\Users\\loma\\Perpustakaan_CI4\\public\\index.php')
ERROR - 2026-05-04 10:39:40 --> Error connecting to the database: mysqli_sql_exception: Unknown database 'db_perpus' in C:\Users\loma\Perpustakaan_CI4\system\Database\MySQLi\Connection.php:201
Stack trace:
#0 C:\Users\loma\Perpustakaan_CI4\system\Database\MySQLi\Connection.php(201): mysqli->real_connect('localhost', 'root', Object(SensitiveParameterValue), 'db_perpus', 3306, '', 0)
#1 C:\Users\loma\Perpustakaan_CI4\system\Database\BaseConnection.php(555): CodeIgniter\Database\MySQLi\Connection->connect(false)
#2 C:\Users\loma\Perpustakaan_CI4\system\Database\BaseConnection.php(795): CodeIgniter\Database\BaseConnection->initialize()
#3 C:\Users\loma\Perpustakaan_CI4\system\Database\BaseBuilder.php(2345): CodeIgniter\Database\BaseConnection->query('INSERT INTO `pe...', Array, false)
#4 C:\Users\loma\Perpustakaan_CI4\system\Model.php(355): CodeIgniter\Database\BaseBuilder->insert()
#5 C:\Users\loma\Perpustakaan_CI4\system\BaseModel.php(899): CodeIgniter\Model->doInsert(Array)
#6 C:\Users\loma\Perpustakaan_CI4\system\Model.php(668): CodeIgniter\BaseModel->insert(Array, true)
#7 C:\Users\loma\Perpustakaan_CI4\app\Controllers\PenggunaController.php(53): CodeIgniter\Model->insert(Object(stdClass))
#8 C:\Users\loma\Perpustakaan_CI4\system\CodeIgniter.php(951): App\Controllers\PenggunaController->register()
#9 C:\Users\loma\Perpustakaan_CI4\system\CodeIgniter.php(497): CodeIgniter\CodeIgniter->runController(Object(App\Controllers\PenggunaController))
#10 C:\Users\loma\Perpustakaan_CI4\system\CodeIgniter.php(340): CodeIgniter\CodeIgniter->handleRequest(NULL, Object(Config\Cache), false)
#11 C:\Users\loma\Perpustakaan_CI4\system\Boot.php(417): CodeIgniter\CodeIgniter->run()
#12 C:\Users\loma\Perpustakaan_CI4\system\Boot.php(68): CodeIgniter\Boot::runCodeIgniter(Object(CodeIgniter\CodeIgniter))
#13 C:\Users\loma\Perpustakaan_CI4\public\index.php(59): CodeIgniter\Boot::bootWeb(Object(Config\Paths))
#14 C:\Users\loma\Perpustakaan_CI4\system\rewrite.php(44): require_once('C:\\Users\\loma\\P...')
#15 {main}

Next CodeIgniter\Database\Exceptions\DatabaseException: Unknown database 'db_perpus' in C:\Users\loma\Perpustakaan_CI4\system\Database\MySQLi\Connection.php:231
Stack trace:
#0 C:\Users\loma\Perpustakaan_CI4\system\Database\BaseConnection.php(555): CodeIgniter\Database\MySQLi\Connection->connect(false)
#1 C:\Users\loma\Perpustakaan_CI4\system\Database\BaseConnection.php(795): CodeIgniter\Database\BaseConnection->initialize()
#2 C:\Users\loma\Perpustakaan_CI4\system\Database\BaseBuilder.php(2345): CodeIgniter\Database\BaseConnection->query('INSERT INTO `pe...', Array, false)
#3 C:\Users\loma\Perpustakaan_CI4\system\Model.php(355): CodeIgniter\Database\BaseBuilder->insert()
#4 C:\Users\loma\Perpustakaan_CI4\system\BaseModel.php(899): CodeIgniter\Model->doInsert(Array)
#5 C:\Users\loma\Perpustakaan_CI4\system\Model.php(668): CodeIgniter\BaseModel->insert(Array, true)
#6 C:\Users\loma\Perpustakaan_CI4\app\Controllers\PenggunaController.php(53): CodeIgniter\Model->insert(Object(stdClass))
#7 C:\Users\loma\Perpustakaan_CI4\system\CodeIgniter.php(951): App\Controllers\PenggunaController->register()
#8 C:\Users\loma\Perpustakaan_CI4\system\CodeIgniter.php(497): CodeIgniter\CodeIgniter->runController(Object(App\Controllers\PenggunaController))
#9 C:\Users\loma\Perpustakaan_CI4\system\CodeIgniter.php(340): CodeIgniter\CodeIgniter->handleRequest(NULL, Object(Config\Cache), false)
#10 C:\Users\loma\Perpustakaan_CI4\system\Boot.php(417): CodeIgniter\CodeIgniter->run()
#11 C:\Users\loma\Perpustakaan_CI4\system\Boot.php(68): CodeIgniter\Boot::runCodeIgniter(Object(CodeIgniter\CodeIgniter))
#12 C:\Users\loma\Perpustakaan_CI4\public\index.php(59): CodeIgniter\Boot::bootWeb(Object(Config\Paths))
#13 C:\Users\loma\Perpustakaan_CI4\system\rewrite.php(44): require_once('C:\\Users\\loma\\P...')
#14 {main}
CRITICAL - 2026-05-04 10:39:40 --> CodeIgniter\Database\Exceptions\DatabaseException: Unable to connect to the database.
Main connection [MySQLi]: Unknown database 'db_perpus'
[Method: POST, Route: api/pengguna/register]
in SYSTEMPATH\Database\BaseConnection.php on line 606.
 1 SYSTEMPATH\Database\BaseConnection.php(795): CodeIgniter\Database\BaseConnection->initialize()
 2 SYSTEMPATH\Database\BaseBuilder.php(2345): CodeIgniter\Database\BaseConnection->query('INSERT INTO `pengguna` (`nomor_identitas`, `role`, `username`, `email`, `gender`, `phone`, `status`, `created_at`, `updated_at`) VALUES (:nomor_identitas:, :role:, :username:, :email:, :gender:, :phone:, :status:, :created_at:, :updated_at:)', [...], false)
 3 SYSTEMPATH\Model.php(355): CodeIgniter\Database\BaseBuilder->insert()
 4 SYSTEMPATH\BaseModel.php(899): CodeIgniter\Model->doInsert([...])
 5 SYSTEMPATH\Model.php(668): CodeIgniter\BaseModel->insert([...], true)
 6 APPPATH\Controllers\PenggunaController.php(53): CodeIgniter\Model->insert(Object(stdClass))
 7 SYSTEMPATH\CodeIgniter.php(951): App\Controllers\PenggunaController->register()
 8 SYSTEMPATH\CodeIgniter.php(497): CodeIgniter\CodeIgniter->runController(Object(App\Controllers\PenggunaController))
 9 SYSTEMPATH\CodeIgniter.php(340): CodeIgniter\CodeIgniter->handleRequest(null, Object(Config\Cache), false)
10 SYSTEMPATH\Boot.php(417): CodeIgniter\CodeIgniter->run()
11 SYSTEMPATH\Boot.php(68): CodeIgniter\Boot::runCodeIgniter(Object(CodeIgniter\CodeIgniter))
12 FCPATH\index.php(59): CodeIgniter\Boot::bootWeb(Object(Config\Paths))
13 SYSTEMPATH\rewrite.php(44): require_once('C:\\Users\\loma\\Perpustakaan_CI4\\public\\index.php')
ERROR - 2026-05-04 10:43:27 --> Duplicate entry 'KTP12345678' for key 'pengguna.nomor_identitas'
in SYSTEMPATH\Database\MySQLi\Connection.php on line 300.
 1 SYSTEMPATH\Database\MySQLi\Connection.php(300): mysqli->query('INSERT INTO `pengguna` (`nomor_identitas`, `role`, `username`, `email`, `gender`, `phone`, `status`, `password`, `created_at`, `updated_at`) VALUES (\'KTP12345678\', \'user\', \'budi_rajin\', \'budi@email.com\', \'L\', \'081234567890\', \'active\', \'passwordkontol\', \'2026-05-04 10:43:27\', \'2026-05-04 10:43:27\')', 0)
 2 SYSTEMPATH\Database\BaseConnection.php(910): CodeIgniter\Database\MySQLi\Connection->execute('INSERT INTO `pengguna` (`nomor_identitas`, `role`, `username`, `email`, `gender`, `phone`, `status`, `password`, `created_at`, `updated_at`) VALUES (\'KTP12345678\', \'user\', \'budi_rajin\', \'budi@email.com\', \'L\', \'081234567890\', \'active\', \'passwordkontol\', \'2026-05-04 10:43:27\', \'2026-05-04 10:43:27\')')
 3 SYSTEMPATH\Database\BaseConnection.php(827): CodeIgniter\Database\BaseConnection->simpleQuery('INSERT INTO `pengguna` (`nomor_identitas`, `role`, `username`, `email`, `gender`, `phone`, `status`, `password`, `created_at`, `updated_at`) VALUES (\'KTP12345678\', \'user\', \'budi_rajin\', \'budi@email.com\', \'L\', \'081234567890\', \'active\', \'passwordkontol\', \'2026-05-04 10:43:27\', \'2026-05-04 10:43:27\')')
 4 SYSTEMPATH\Database\BaseBuilder.php(2345): CodeIgniter\Database\BaseConnection->query('INSERT INTO `pengguna` (`nomor_identitas`, `role`, `username`, `email`, `gender`, `phone`, `status`, `password`, `created_at`, `updated_at`) VALUES (:nomor_identitas:, :role:, :username:, :email:, :gender:, :phone:, :status:, :password:, :created_at:, :updated_at:)', [...], false)
 5 SYSTEMPATH\Model.php(355): CodeIgniter\Database\BaseBuilder->insert()
 6 SYSTEMPATH\BaseModel.php(899): CodeIgniter\Model->doInsert([...])
 7 SYSTEMPATH\Model.php(668): CodeIgniter\BaseModel->insert([...], true)
 8 APPPATH\Controllers\PenggunaController.php(53): CodeIgniter\Model->insert(Object(stdClass))
 9 SYSTEMPATH\CodeIgniter.php(951): App\Controllers\PenggunaController->register()
10 SYSTEMPATH\CodeIgniter.php(497): CodeIgniter\CodeIgniter->runController(Object(App\Controllers\PenggunaController))
11 SYSTEMPATH\CodeIgniter.php(340): CodeIgniter\CodeIgniter->handleRequest(null, Object(Config\Cache), false)
12 SYSTEMPATH\Boot.php(417): CodeIgniter\CodeIgniter->run()
13 SYSTEMPATH\Boot.php(68): CodeIgniter\Boot::runCodeIgniter(Object(CodeIgniter\CodeIgniter))
14 FCPATH\index.php(59): CodeIgniter\Boot::bootWeb(Object(Config\Paths))
15 SYSTEMPATH\rewrite.php(44): require_once('C:\\Users\\loma\\Perpustakaan_CI4\\public\\index.php')
CRITICAL - 2026-05-04 10:43:27 --> CodeIgniter\Database\Exceptions\DatabaseException: Duplicate entry 'KTP12345678' for key 'pengguna.nomor_identitas'
[Method: POST, Route: api/pengguna/register]
in SYSTEMPATH\Database\BaseConnection.php on line 865.
 1 SYSTEMPATH\Database\BaseBuilder.php(2345): CodeIgniter\Database\BaseConnection->query('INSERT INTO `pengguna` (`nomor_identitas`, `role`, `username`, `email`, `gender`, `phone`, `status`, `password`, `created_at`, `updated_at`) VALUES (:nomor_identitas:, :role:, :username:, :email:, :gender:, :phone:, :status:, :password:, :created_at:, :updated_at:)', [...], false)
 2 SYSTEMPATH\Model.php(355): CodeIgniter\Database\BaseBuilder->insert()
 3 SYSTEMPATH\BaseModel.php(899): CodeIgniter\Model->doInsert([...])
 4 SYSTEMPATH\Model.php(668): CodeIgniter\BaseModel->insert([...], true)
 5 APPPATH\Controllers\PenggunaController.php(53): CodeIgniter\Model->insert(Object(stdClass))
 6 SYSTEMPATH\CodeIgniter.php(951): App\Controllers\PenggunaController->register()
 7 SYSTEMPATH\CodeIgniter.php(497): CodeIgniter\CodeIgniter->runController(Object(App\Controllers\PenggunaController))
 8 SYSTEMPATH\CodeIgniter.php(340): CodeIgniter\CodeIgniter->handleRequest(null, Object(Config\Cache), false)
 9 SYSTEMPATH\Boot.php(417): CodeIgniter\CodeIgniter->run()
10 SYSTEMPATH\Boot.php(68): CodeIgniter\Boot::runCodeIgniter(Object(CodeIgniter\CodeIgniter))
11 FCPATH\index.php(59): CodeIgniter\Boot::bootWeb(Object(Config\Paths))
12 SYSTEMPATH\rewrite.php(44): require_once('C:\\Users\\loma\\Perpustakaan_CI4\\public\\index.php')
CRITICAL - 2026-05-04 10:43:27 --> [Caused by] CodeIgniter\Database\Exceptions\DatabaseException: Duplicate entry 'KTP12345678' for key 'pengguna.nomor_identitas'
in SYSTEMPATH\Database\MySQLi\Connection.php on line 310.
 1 SYSTEMPATH\Database\BaseConnection.php(910): CodeIgniter\Database\MySQLi\Connection->execute('INSERT INTO `pengguna` (`nomor_identitas`, `role`, `username`, `email`, `gender`, `phone`, `status`, `password`, `created_at`, `updated_at`) VALUES (\'KTP12345678\', \'user\', \'budi_rajin\', \'budi@email.com\', \'L\', \'081234567890\', \'active\', \'passwordkontol\', \'2026-05-04 10:43:27\', \'2026-05-04 10:43:27\')')
 2 SYSTEMPATH\Database\BaseConnection.php(827): CodeIgniter\Database\BaseConnection->simpleQuery('INSERT INTO `pengguna` (`nomor_identitas`, `role`, `username`, `email`, `gender`, `phone`, `status`, `password`, `created_at`, `updated_at`) VALUES (\'KTP12345678\', \'user\', \'budi_rajin\', \'budi@email.com\', \'L\', \'081234567890\', \'active\', \'passwordkontol\', \'2026-05-04 10:43:27\', \'2026-05-04 10:43:27\')')
 3 SYSTEMPATH\Database\BaseBuilder.php(2345): CodeIgniter\Database\BaseConnection->query('INSERT INTO `pengguna` (`nomor_identitas`, `role`, `username`, `email`, `gender`, `phone`, `status`, `password`, `created_at`, `updated_at`) VALUES (:nomor_identitas:, :role:, :username:, :email:, :gender:, :phone:, :status:, :password:, :created_at:, :updated_at:)', [...], false)
 4 SYSTEMPATH\Model.php(355): CodeIgniter\Database\BaseBuilder->insert()
 5 SYSTEMPATH\BaseModel.php(899): CodeIgniter\Model->doInsert([...])
 6 SYSTEMPATH\Model.php(668): CodeIgniter\BaseModel->insert([...], true)
 7 APPPATH\Controllers\PenggunaController.php(53): CodeIgniter\Model->insert(Object(stdClass))
 8 SYSTEMPATH\CodeIgniter.php(951): App\Controllers\PenggunaController->register()
 9 SYSTEMPATH\CodeIgniter.php(497): CodeIgniter\CodeIgniter->runController(Object(App\Controllers\PenggunaController))
10 SYSTEMPATH\CodeIgniter.php(340): CodeIgniter\CodeIgniter->handleRequest(null, Object(Config\Cache), false)
11 SYSTEMPATH\Boot.php(417): CodeIgniter\CodeIgniter->run()
12 SYSTEMPATH\Boot.php(68): CodeIgniter\Boot::runCodeIgniter(Object(CodeIgniter\CodeIgniter))
13 FCPATH\index.php(59): CodeIgniter\Boot::bootWeb(Object(Config\Paths))
14 SYSTEMPATH\rewrite.php(44): require_once('C:\\Users\\loma\\Perpustakaan_CI4\\public\\index.php')
CRITICAL - 2026-05-04 10:43:27 --> [Caused by] mysqli_sql_exception: Duplicate entry 'KTP12345678' for key 'pengguna.nomor_identitas'
in SYSTEMPATH\Database\MySQLi\Connection.php on line 300.
 1 SYSTEMPATH\Database\MySQLi\Connection.php(300): mysqli->query('INSERT INTO `pengguna` (`nomor_identitas`, `role`, `username`, `email`, `gender`, `phone`, `status`, `password`, `created_at`, `updated_at`) VALUES (\'KTP12345678\', \'user\', \'budi_rajin\', \'budi@email.com\', \'L\', \'081234567890\', \'active\', \'passwordkontol\', \'2026-05-04 10:43:27\', \'2026-05-04 10:43:27\')', 0)
 2 SYSTEMPATH\Database\BaseConnection.php(910): CodeIgniter\Database\MySQLi\Connection->execute('INSERT INTO `pengguna` (`nomor_identitas`, `role`, `username`, `email`, `gender`, `phone`, `status`, `password`, `created_at`, `updated_at`) VALUES (\'KTP12345678\', \'user\', \'budi_rajin\', \'budi@email.com\', \'L\', \'081234567890\', \'active\', \'passwordkontol\', \'2026-05-04 10:43:27\', \'2026-05-04 10:43:27\')')
 3 SYSTEMPATH\Database\BaseConnection.php(827): CodeIgniter\Database\BaseConnection->simpleQuery('INSERT INTO `pengguna` (`nomor_identitas`, `role`, `username`, `email`, `gender`, `phone`, `status`, `password`, `created_at`, `updated_at`) VALUES (\'KTP12345678\', \'user\', \'budi_rajin\', \'budi@email.com\', \'L\', \'081234567890\', \'active\', \'passwordkontol\', \'2026-05-04 10:43:27\', \'2026-05-04 10:43:27\')')
 4 SYSTEMPATH\Database\BaseBuilder.php(2345): CodeIgniter\Database\BaseConnection->query('INSERT INTO `pengguna` (`nomor_identitas`, `role`, `username`, `email`, `gender`, `phone`, `status`, `password`, `created_at`, `updated_at`) VALUES (:nomor_identitas:, :role:, :username:, :email:, :gender:, :phone:, :status:, :password:, :created_at:, :updated_at:)', [...], false)
 5 SYSTEMPATH\Model.php(355): CodeIgniter\Database\BaseBuilder->insert()
 6 SYSTEMPATH\BaseModel.php(899): CodeIgniter\Model->doInsert([...])
 7 SYSTEMPATH\Model.php(668): CodeIgniter\BaseModel->insert([...], true)
 8 APPPATH\Controllers\PenggunaController.php(53): CodeIgniter\Model->insert(Object(stdClass))
 9 SYSTEMPATH\CodeIgniter.php(951): App\Controllers\PenggunaController->register()
10 SYSTEMPATH\CodeIgniter.php(497): CodeIgniter\CodeIgniter->runController(Object(App\Controllers\PenggunaController))
11 SYSTEMPATH\CodeIgniter.php(340): CodeIgniter\CodeIgniter->handleRequest(null, Object(Config\Cache), false)
12 SYSTEMPATH\Boot.php(417): CodeIgniter\CodeIgniter->run()
13 SYSTEMPATH\Boot.php(68): CodeIgniter\Boot::runCodeIgniter(Object(CodeIgniter\CodeIgniter))
14 FCPATH\index.php(59): CodeIgniter\Boot::bootWeb(Object(Config\Paths))
15 SYSTEMPATH\rewrite.php(44): require_once('C:\\Users\\loma\\Perpustakaan_CI4\\public\\index.php')
ERROR - 2026-05-04 10:45:03 --> Duplicate entry 'budi@email.com' for key 'pengguna.email'
in SYSTEMPATH\Database\MySQLi\Connection.php on line 300.
 1 SYSTEMPATH\Database\MySQLi\Connection.php(300): mysqli->query('INSERT INTO `pengguna` (`nomor_identitas`, `role`, `username`, `email`, `gender`, `phone`, `status`, `password`, `created_at`, `updated_at`) VALUES (\'KTP99999999\', \'user\', \'budi_rajin\', \'budi@email.com\', \'L\', \'081234567890\', \'active\', \'password1213\', \'2026-05-04 10:45:02\', \'2026-05-04 10:45:02\')', 0)
 2 SYSTEMPATH\Database\BaseConnection.php(910): CodeIgniter\Database\MySQLi\Connection->execute('INSERT INTO `pengguna` (`nomor_identitas`, `role`, `username`, `email`, `gender`, `phone`, `status`, `password`, `created_at`, `updated_at`) VALUES (\'KTP99999999\', \'user\', \'budi_rajin\', \'budi@email.com\', \'L\', \'081234567890\', \'active\', \'password1213\', \'2026-05-04 10:45:02\', \'2026-05-04 10:45:02\')')
 3 SYSTEMPATH\Database\BaseConnection.php(827): CodeIgniter\Database\BaseConnection->simpleQuery('INSERT INTO `pengguna` (`nomor_identitas`, `role`, `username`, `email`, `gender`, `phone`, `status`, `password`, `created_at`, `updated_at`) VALUES (\'KTP99999999\', \'user\', \'budi_rajin\', \'budi@email.com\', \'L\', \'081234567890\', \'active\', \'password1213\', \'2026-05-04 10:45:02\', \'2026-05-04 10:45:02\')')
 4 SYSTEMPATH\Database\BaseBuilder.php(2345): CodeIgniter\Database\BaseConnection->query('INSERT INTO `pengguna` (`nomor_identitas`, `role`, `username`, `email`, `gender`, `phone`, `status`, `password`, `created_at`, `updated_at`) VALUES (:nomor_identitas:, :role:, :username:, :email:, :gender:, :phone:, :status:, :password:, :created_at:, :updated_at:)', [...], false)
 5 SYSTEMPATH\Model.php(355): CodeIgniter\Database\BaseBuilder->insert()
 6 SYSTEMPATH\BaseModel.php(899): CodeIgniter\Model->doInsert([...])
 7 SYSTEMPATH\Model.php(668): CodeIgniter\BaseModel->insert([...], true)
 8 APPPATH\Controllers\PenggunaController.php(53): CodeIgniter\Model->insert(Object(stdClass))
 9 SYSTEMPATH\CodeIgniter.php(951): App\Controllers\PenggunaController->register()
10 SYSTEMPATH\CodeIgniter.php(497): CodeIgniter\CodeIgniter->runController(Object(App\Controllers\PenggunaController))
11 SYSTEMPATH\CodeIgniter.php(340): CodeIgniter\CodeIgniter->handleRequest(null, Object(Config\Cache), false)
12 SYSTEMPATH\Boot.php(417): CodeIgniter\CodeIgniter->run()
13 SYSTEMPATH\Boot.php(68): CodeIgniter\Boot::runCodeIgniter(Object(CodeIgniter\CodeIgniter))
14 FCPATH\index.php(59): CodeIgniter\Boot::bootWeb(Object(Config\Paths))
15 SYSTEMPATH\rewrite.php(44): require_once('C:\\Users\\loma\\Perpustakaan_CI4\\public\\index.php')
CRITICAL - 2026-05-04 10:45:03 --> CodeIgniter\Database\Exceptions\DatabaseException: Duplicate entry 'budi@email.com' for key 'pengguna.email'
[Method: POST, Route: api/pengguna/register]
in SYSTEMPATH\Database\BaseConnection.php on line 865.
 1 SYSTEMPATH\Database\BaseBuilder.php(2345): CodeIgniter\Database\BaseConnection->query('INSERT INTO `pengguna` (`nomor_identitas`, `role`, `username`, `email`, `gender`, `phone`, `status`, `password`, `created_at`, `updated_at`) VALUES (:nomor_identitas:, :role:, :username:, :email:, :gender:, :phone:, :status:, :password:, :created_at:, :updated_at:)', [...], false)
 2 SYSTEMPATH\Model.php(355): CodeIgniter\Database\BaseBuilder->insert()
 3 SYSTEMPATH\BaseModel.php(899): CodeIgniter\Model->doInsert([...])
 4 SYSTEMPATH\Model.php(668): CodeIgniter\BaseModel->insert([...], true)
 5 APPPATH\Controllers\PenggunaController.php(53): CodeIgniter\Model->insert(Object(stdClass))
 6 SYSTEMPATH\CodeIgniter.php(951): App\Controllers\PenggunaController->register()
 7 SYSTEMPATH\CodeIgniter.php(497): CodeIgniter\CodeIgniter->runController(Object(App\Controllers\PenggunaController))
 8 SYSTEMPATH\CodeIgniter.php(340): CodeIgniter\CodeIgniter->handleRequest(null, Object(Config\Cache), false)
 9 SYSTEMPATH\Boot.php(417): CodeIgniter\CodeIgniter->run()
10 SYSTEMPATH\Boot.php(68): CodeIgniter\Boot::runCodeIgniter(Object(CodeIgniter\CodeIgniter))
11 FCPATH\index.php(59): CodeIgniter\Boot::bootWeb(Object(Config\Paths))
12 SYSTEMPATH\rewrite.php(44): require_once('C:\\Users\\loma\\Perpustakaan_CI4\\public\\index.php')
CRITICAL - 2026-05-04 10:45:03 --> [Caused by] CodeIgniter\Database\Exceptions\DatabaseException: Duplicate entry 'budi@email.com' for key 'pengguna.email'
in SYSTEMPATH\Database\MySQLi\Connection.php on line 310.
 1 SYSTEMPATH\Database\BaseConnection.php(910): CodeIgniter\Database\MySQLi\Connection->execute('INSERT INTO `pengguna` (`nomor_identitas`, `role`, `username`, `email`, `gender`, `phone`, `status`, `password`, `created_at`, `updated_at`) VALUES (\'KTP99999999\', \'user\', \'budi_rajin\', \'budi@email.com\', \'L\', \'081234567890\', \'active\', \'password1213\', \'2026-05-04 10:45:02\', \'2026-05-04 10:45:02\')')
 2 SYSTEMPATH\Database\BaseConnection.php(827): CodeIgniter\Database\BaseConnection->simpleQuery('INSERT INTO `pengguna` (`nomor_identitas`, `role`, `username`, `email`, `gender`, `phone`, `status`, `password`, `created_at`, `updated_at`) VALUES (\'KTP99999999\', \'user\', \'budi_rajin\', \'budi@email.com\', \'L\', \'081234567890\', \'active\', \'password1213\', \'2026-05-04 10:45:02\', \'2026-05-04 10:45:02\')')
 3 SYSTEMPATH\Database\BaseBuilder.php(2345): CodeIgniter\Database\BaseConnection->query('INSERT INTO `pengguna` (`nomor_identitas`, `role`, `username`, `email`, `gender`, `phone`, `status`, `password`, `created_at`, `updated_at`) VALUES (:nomor_identitas:, :role:, :username:, :email:, :gender:, :phone:, :status:, :password:, :created_at:, :updated_at:)', [...], false)
 4 SYSTEMPATH\Model.php(355): CodeIgniter\Database\BaseBuilder->insert()
 5 SYSTEMPATH\BaseModel.php(899): CodeIgniter\Model->doInsert([...])
 6 SYSTEMPATH\Model.php(668): CodeIgniter\BaseModel->insert([...], true)
 7 APPPATH\Controllers\PenggunaController.php(53): CodeIgniter\Model->insert(Object(stdClass))
 8 SYSTEMPATH\CodeIgniter.php(951): App\Controllers\PenggunaController->register()
 9 SYSTEMPATH\CodeIgniter.php(497): CodeIgniter\CodeIgniter->runController(Object(App\Controllers\PenggunaController))
10 SYSTEMPATH\CodeIgniter.php(340): CodeIgniter\CodeIgniter->handleRequest(null, Object(Config\Cache), false)
11 SYSTEMPATH\Boot.php(417): CodeIgniter\CodeIgniter->run()
12 SYSTEMPATH\Boot.php(68): CodeIgniter\Boot::runCodeIgniter(Object(CodeIgniter\CodeIgniter))
13 FCPATH\index.php(59): CodeIgniter\Boot::bootWeb(Object(Config\Paths))
14 SYSTEMPATH\rewrite.php(44): require_once('C:\\Users\\loma\\Perpustakaan_CI4\\public\\index.php')
CRITICAL - 2026-05-04 10:45:03 --> [Caused by] mysqli_sql_exception: Duplicate entry 'budi@email.com' for key 'pengguna.email'
in SYSTEMPATH\Database\MySQLi\Connection.php on line 300.
 1 SYSTEMPATH\Database\MySQLi\Connection.php(300): mysqli->query('INSERT INTO `pengguna` (`nomor_identitas`, `role`, `username`, `email`, `gender`, `phone`, `status`, `password`, `created_at`, `updated_at`) VALUES (\'KTP99999999\', \'user\', \'budi_rajin\', \'budi@email.com\', \'L\', \'081234567890\', \'active\', \'password1213\', \'2026-05-04 10:45:02\', \'2026-05-04 10:45:02\')', 0)
 2 SYSTEMPATH\Database\BaseConnection.php(910): CodeIgniter\Database\MySQLi\Connection->execute('INSERT INTO `pengguna` (`nomor_identitas`, `role`, `username`, `email`, `gender`, `phone`, `status`, `password`, `created_at`, `updated_at`) VALUES (\'KTP99999999\', \'user\', \'budi_rajin\', \'budi@email.com\', \'L\', \'081234567890\', \'active\', \'password1213\', \'2026-05-04 10:45:02\', \'2026-05-04 10:45:02\')')
 3 SYSTEMPATH\Database\BaseConnection.php(827): CodeIgniter\Database\BaseConnection->simpleQuery('INSERT INTO `pengguna` (`nomor_identitas`, `role`, `username`, `email`, `gender`, `phone`, `status`, `password`, `created_at`, `updated_at`) VALUES (\'KTP99999999\', \'user\', \'budi_rajin\', \'budi@email.com\', \'L\', \'081234567890\', \'active\', \'password1213\', \'2026-05-04 10:45:02\', \'2026-05-04 10:45:02\')')
 4 SYSTEMPATH\Database\BaseBuilder.php(2345): CodeIgniter\Database\BaseConnection->query('INSERT INTO `pengguna` (`nomor_identitas`, `role`, `username`, `email`, `gender`, `phone`, `status`, `password`, `created_at`, `updated_at`) VALUES (:nomor_identitas:, :role:, :username:, :email:, :gender:, :phone:, :status:, :password:, :created_at:, :updated_at:)', [...], false)
 5 SYSTEMPATH\Model.php(355): CodeIgniter\Database\BaseBuilder->insert()
 6 SYSTEMPATH\BaseModel.php(899): CodeIgniter\Model->doInsert([...])
 7 SYSTEMPATH\Model.php(668): CodeIgniter\BaseModel->insert([...], true)
 8 APPPATH\Controllers\PenggunaController.php(53): CodeIgniter\Model->insert(Object(stdClass))
 9 SYSTEMPATH\CodeIgniter.php(951): App\Controllers\PenggunaController->register()
10 SYSTEMPATH\CodeIgniter.php(497): CodeIgniter\CodeIgniter->runController(Object(App\Controllers\PenggunaController))
11 SYSTEMPATH\CodeIgniter.php(340): CodeIgniter\CodeIgniter->handleRequest(null, Object(Config\Cache), false)
12 SYSTEMPATH\Boot.php(417): CodeIgniter\CodeIgniter->run()
13 SYSTEMPATH\Boot.php(68): CodeIgniter\Boot::runCodeIgniter(Object(CodeIgniter\CodeIgniter))
14 FCPATH\index.php(59): CodeIgniter\Boot::bootWeb(Object(Config\Paths))
15 SYSTEMPATH\rewrite.php(44): require_once('C:\\Users\\loma\\Perpustakaan_CI4\\public\\index.php')
ERROR - 2026-05-04 10:50:05 --> Duplicate entry 'budi@email.com' for key 'pengguna.email'
in SYSTEMPATH\Database\MySQLi\Connection.php on line 300.
 1 SYSTEMPATH\Database\MySQLi\Connection.php(300): mysqli->query('INSERT INTO `pengguna` (`nomor_identitas`, `role`, `username`, `email`, `gender`, `phone`, `status`, `password`, `created_at`, `updated_at`) VALUES (\'KTP99999999\', \'user\', \'budi_rajin\', \'budi@email.com\', \'L\', \'081234567890\', \'active\', \'password1213\', \'2026-05-04 10:50:05\', \'2026-05-04 10:50:05\')', 0)
 2 SYSTEMPATH\Database\BaseConnection.php(910): CodeIgniter\Database\MySQLi\Connection->execute('INSERT INTO `pengguna` (`nomor_identitas`, `role`, `username`, `email`, `gender`, `phone`, `status`, `password`, `created_at`, `updated_at`) VALUES (\'KTP99999999\', \'user\', \'budi_rajin\', \'budi@email.com\', \'L\', \'081234567890\', \'active\', \'password1213\', \'2026-05-04 10:50:05\', \'2026-05-04 10:50:05\')')
 3 SYSTEMPATH\Database\BaseConnection.php(827): CodeIgniter\Database\BaseConnection->simpleQuery('INSERT INTO `pengguna` (`nomor_identitas`, `role`, `username`, `email`, `gender`, `phone`, `status`, `password`, `created_at`, `updated_at`) VALUES (\'KTP99999999\', \'user\', \'budi_rajin\', \'budi@email.com\', \'L\', \'081234567890\', \'active\', \'password1213\', \'2026-05-04 10:50:05\', \'2026-05-04 10:50:05\')')
 4 SYSTEMPATH\Database\BaseBuilder.php(2345): CodeIgniter\Database\BaseConnection->query('INSERT INTO `pengguna` (`nomor_identitas`, `role`, `username`, `email`, `gender`, `phone`, `status`, `password`, `created_at`, `updated_at`) VALUES (:nomor_identitas:, :role:, :username:, :email:, :gender:, :phone:, :status:, :password:, :created_at:, :updated_at:)', [...], false)
 5 SYSTEMPATH\Model.php(355): CodeIgniter\Database\BaseBuilder->insert()
 6 SYSTEMPATH\BaseModel.php(899): CodeIgniter\Model->doInsert([...])
 7 SYSTEMPATH\Model.php(668): CodeIgniter\BaseModel->insert([...], true)
 8 APPPATH\Controllers\PenggunaController.php(53): CodeIgniter\Model->insert(Object(stdClass))
 9 SYSTEMPATH\CodeIgniter.php(951): App\Controllers\PenggunaController->register()
10 SYSTEMPATH\CodeIgniter.php(497): CodeIgniter\CodeIgniter->runController(Object(App\Controllers\PenggunaController))
11 SYSTEMPATH\CodeIgniter.php(340): CodeIgniter\CodeIgniter->handleRequest(null, Object(Config\Cache), false)
12 SYSTEMPATH\Boot.php(417): CodeIgniter\CodeIgniter->run()
13 SYSTEMPATH\Boot.php(68): CodeIgniter\Boot::runCodeIgniter(Object(CodeIgniter\CodeIgniter))
14 FCPATH\index.php(59): CodeIgniter\Boot::bootWeb(Object(Config\Paths))
15 SYSTEMPATH\rewrite.php(44): require_once('C:\\Users\\loma\\Perpustakaan_CI4\\public\\index.php')
CRITICAL - 2026-05-04 10:50:05 --> CodeIgniter\Database\Exceptions\DatabaseException: Duplicate entry 'budi@email.com' for key 'pengguna.email'
[Method: POST, Route: api/pengguna/register]
in SYSTEMPATH\Database\BaseConnection.php on line 865.
 1 SYSTEMPATH\Database\BaseBuilder.php(2345): CodeIgniter\Database\BaseConnection->query('INSERT INTO `pengguna` (`nomor_identitas`, `role`, `username`, `email`, `gender`, `phone`, `status`, `password`, `created_at`, `updated_at`) VALUES (:nomor_identitas:, :role:, :username:, :email:, :gender:, :phone:, :status:, :password:, :created_at:, :updated_at:)', [...], false)
 2 SYSTEMPATH\Model.php(355): CodeIgniter\Database\BaseBuilder->insert()
 3 SYSTEMPATH\BaseModel.php(899): CodeIgniter\Model->doInsert([...])
 4 SYSTEMPATH\Model.php(668): CodeIgniter\BaseModel->insert([...], true)
 5 APPPATH\Controllers\PenggunaController.php(53): CodeIgniter\Model->insert(Object(stdClass))
 6 SYSTEMPATH\CodeIgniter.php(951): App\Controllers\PenggunaController->register()
 7 SYSTEMPATH\CodeIgniter.php(497): CodeIgniter\CodeIgniter->runController(Object(App\Controllers\PenggunaController))
 8 SYSTEMPATH\CodeIgniter.php(340): CodeIgniter\CodeIgniter->handleRequest(null, Object(Config\Cache), false)
 9 SYSTEMPATH\Boot.php(417): CodeIgniter\CodeIgniter->run()
10 SYSTEMPATH\Boot.php(68): CodeIgniter\Boot::runCodeIgniter(Object(CodeIgniter\CodeIgniter))
11 FCPATH\index.php(59): CodeIgniter\Boot::bootWeb(Object(Config\Paths))
12 SYSTEMPATH\rewrite.php(44): require_once('C:\\Users\\loma\\Perpustakaan_CI4\\public\\index.php')
CRITICAL - 2026-05-04 10:50:05 --> [Caused by] CodeIgniter\Database\Exceptions\DatabaseException: Duplicate entry 'budi@email.com' for key 'pengguna.email'
in SYSTEMPATH\Database\MySQLi\Connection.php on line 310.
 1 SYSTEMPATH\Database\BaseConnection.php(910): CodeIgniter\Database\MySQLi\Connection->execute('INSERT INTO `pengguna` (`nomor_identitas`, `role`, `username`, `email`, `gender`, `phone`, `status`, `password`, `created_at`, `updated_at`) VALUES (\'KTP99999999\', \'user\', \'budi_rajin\', \'budi@email.com\', \'L\', \'081234567890\', \'active\', \'password1213\', \'2026-05-04 10:50:05\', \'2026-05-04 10:50:05\')')
 2 SYSTEMPATH\Database\BaseConnection.php(827): CodeIgniter\Database\BaseConnection->simpleQuery('INSERT INTO `pengguna` (`nomor_identitas`, `role`, `username`, `email`, `gender`, `phone`, `status`, `password`, `created_at`, `updated_at`) VALUES (\'KTP99999999\', \'user\', \'budi_rajin\', \'budi@email.com\', \'L\', \'081234567890\', \'active\', \'password1213\', \'2026-05-04 10:50:05\', \'2026-05-04 10:50:05\')')
 3 SYSTEMPATH\Database\BaseBuilder.php(2345): CodeIgniter\Database\BaseConnection->query('INSERT INTO `pengguna` (`nomor_identitas`, `role`, `username`, `email`, `gender`, `phone`, `status`, `password`, `created_at`, `updated_at`) VALUES (:nomor_identitas:, :role:, :username:, :email:, :gender:, :phone:, :status:, :password:, :created_at:, :updated_at:)', [...], false)
 4 SYSTEMPATH\Model.php(355): CodeIgniter\Database\BaseBuilder->insert()
 5 SYSTEMPATH\BaseModel.php(899): CodeIgniter\Model->doInsert([...])
 6 SYSTEMPATH\Model.php(668): CodeIgniter\BaseModel->insert([...], true)
 7 APPPATH\Controllers\PenggunaController.php(53): CodeIgniter\Model->insert(Object(stdClass))
 8 SYSTEMPATH\CodeIgniter.php(951): App\Controllers\PenggunaController->register()
 9 SYSTEMPATH\CodeIgniter.php(497): CodeIgniter\CodeIgniter->runController(Object(App\Controllers\PenggunaController))
10 SYSTEMPATH\CodeIgniter.php(340): CodeIgniter\CodeIgniter->handleRequest(null, Object(Config\Cache), false)
11 SYSTEMPATH\Boot.php(417): CodeIgniter\CodeIgniter->run()
12 SYSTEMPATH\Boot.php(68): CodeIgniter\Boot::runCodeIgniter(Object(CodeIgniter\CodeIgniter))
13 FCPATH\index.php(59): CodeIgniter\Boot::bootWeb(Object(Config\Paths))
14 SYSTEMPATH\rewrite.php(44): require_once('C:\\Users\\loma\\Perpustakaan_CI4\\public\\index.php')
CRITICAL - 2026-05-04 10:50:05 --> [Caused by] mysqli_sql_exception: Duplicate entry 'budi@email.com' for key 'pengguna.email'
in SYSTEMPATH\Database\MySQLi\Connection.php on line 300.
 1 SYSTEMPATH\Database\MySQLi\Connection.php(300): mysqli->query('INSERT INTO `pengguna` (`nomor_identitas`, `role`, `username`, `email`, `gender`, `phone`, `status`, `password`, `created_at`, `updated_at`) VALUES (\'KTP99999999\', \'user\', \'budi_rajin\', \'budi@email.com\', \'L\', \'081234567890\', \'active\', \'password1213\', \'2026-05-04 10:50:05\', \'2026-05-04 10:50:05\')', 0)
 2 SYSTEMPATH\Database\BaseConnection.php(910): CodeIgniter\Database\MySQLi\Connection->execute('INSERT INTO `pengguna` (`nomor_identitas`, `role`, `username`, `email`, `gender`, `phone`, `status`, `password`, `created_at`, `updated_at`) VALUES (\'KTP99999999\', \'user\', \'budi_rajin\', \'budi@email.com\', \'L\', \'081234567890\', \'active\', \'password1213\', \'2026-05-04 10:50:05\', \'2026-05-04 10:50:05\')')
 3 SYSTEMPATH\Database\BaseConnection.php(827): CodeIgniter\Database\BaseConnection->simpleQuery('INSERT INTO `pengguna` (`nomor_identitas`, `role`, `username`, `email`, `gender`, `phone`, `status`, `password`, `created_at`, `updated_at`) VALUES (\'KTP99999999\', \'user\', \'budi_rajin\', \'budi@email.com\', \'L\', \'081234567890\', \'active\', \'password1213\', \'2026-05-04 10:50:05\', \'2026-05-04 10:50:05\')')
 4 SYSTEMPATH\Database\BaseBuilder.php(2345): CodeIgniter\Database\BaseConnection->query('INSERT INTO `pengguna` (`nomor_identitas`, `role`, `username`, `email`, `gender`, `phone`, `status`, `password`, `created_at`, `updated_at`) VALUES (:nomor_identitas:, :role:, :username:, :email:, :gender:, :phone:, :status:, :password:, :created_at:, :updated_at:)', [...], false)
 5 SYSTEMPATH\Model.php(355): CodeIgniter\Database\BaseBuilder->insert()
 6 SYSTEMPATH\BaseModel.php(899): CodeIgniter\Model->doInsert([...])
 7 SYSTEMPATH\Model.php(668): CodeIgniter\BaseModel->insert([...], true)
 8 APPPATH\Controllers\PenggunaController.php(53): CodeIgniter\Model->insert(Object(stdClass))
 9 SYSTEMPATH\CodeIgniter.php(951): App\Controllers\PenggunaController->register()
10 SYSTEMPATH\CodeIgniter.php(497): CodeIgniter\CodeIgniter->runController(Object(App\Controllers\PenggunaController))
11 SYSTEMPATH\CodeIgniter.php(340): CodeIgniter\CodeIgniter->handleRequest(null, Object(Config\Cache), false)
12 SYSTEMPATH\Boot.php(417): CodeIgniter\CodeIgniter->run()
13 SYSTEMPATH\Boot.php(68): CodeIgniter\Boot::runCodeIgniter(Object(CodeIgniter\CodeIgniter))
14 FCPATH\index.php(59): CodeIgniter\Boot::bootWeb(Object(Config\Paths))
15 SYSTEMPATH\rewrite.php(44): require_once('C:\\Users\\loma\\Perpustakaan_CI4\\public\\index.php')
CRITICAL - 2026-05-04 10:52:28 --> CodeIgniter\HTTP\Exceptions\HTTPException: Failed to parse JSON string. Error: Syntax error
[Method: POST, Route: api/pengguna/register]
in SYSTEMPATH\HTTP\IncomingRequest.php on line 406.
 1 SYSTEMPATH\HTTP\IncomingRequest.php(406): CodeIgniter\HTTP\Exceptions\HTTPException::forInvalidJSON('Syntax error')
 2 APPPATH\Controllers\PenggunaController.php(50): CodeIgniter\HTTP\IncomingRequest->getJSON()
 3 SYSTEMPATH\CodeIgniter.php(951): App\Controllers\PenggunaController->register()
 4 SYSTEMPATH\CodeIgniter.php(497): CodeIgniter\CodeIgniter->runController(Object(App\Controllers\PenggunaController))
 5 SYSTEMPATH\CodeIgniter.php(340): CodeIgniter\CodeIgniter->handleRequest(null, Object(Config\Cache), false)
 6 SYSTEMPATH\Boot.php(417): CodeIgniter\CodeIgniter->run()
 7 SYSTEMPATH\Boot.php(68): CodeIgniter\Boot::runCodeIgniter(Object(CodeIgniter\CodeIgniter))
 8 FCPATH\index.php(59): CodeIgniter\Boot::bootWeb(Object(Config\Paths))
 9 SYSTEMPATH\rewrite.php(44): require_once('C:\\Users\\loma\\Perpustakaan_CI4\\public\\index.php')
ERROR - 2026-05-04 10:52:42 --> Duplicate entry 'budi@email.com' for key 'pengguna.email'
in SYSTEMPATH\Database\MySQLi\Connection.php on line 300.
 1 SYSTEMPATH\Database\MySQLi\Connection.php(300): mysqli->query('INSERT INTO `pengguna` (`nomor_identitas`, `role`, `username`, `email`, `gender`, `phone`, `status`, `created_at`, `updated_at`) VALUES (\'KTP99999999\', \'user\', \'budi_rajin\', \'budi@email.com\', \'L\', \'081234567890\', \'active\', \'2026-05-04 10:52:42\', \'2026-05-04 10:52:42\')', 0)
 2 SYSTEMPATH\Database\BaseConnection.php(910): CodeIgniter\Database\MySQLi\Connection->execute('INSERT INTO `pengguna` (`nomor_identitas`, `role`, `username`, `email`, `gender`, `phone`, `status`, `created_at`, `updated_at`) VALUES (\'KTP99999999\', \'user\', \'budi_rajin\', \'budi@email.com\', \'L\', \'081234567890\', \'active\', \'2026-05-04 10:52:42\', \'2026-05-04 10:52:42\')')
 3 SYSTEMPATH\Database\BaseConnection.php(827): CodeIgniter\Database\BaseConnection->simpleQuery('INSERT INTO `pengguna` (`nomor_identitas`, `role`, `username`, `email`, `gender`, `phone`, `status`, `created_at`, `updated_at`) VALUES (\'KTP99999999\', \'user\', \'budi_rajin\', \'budi@email.com\', \'L\', \'081234567890\', \'active\', \'2026-05-04 10:52:42\', \'2026-05-04 10:52:42\')')
 4 SYSTEMPATH\Database\BaseBuilder.php(2345): CodeIgniter\Database\BaseConnection->query('INSERT INTO `pengguna` (`nomor_identitas`, `role`, `username`, `email`, `gender`, `phone`, `status`, `created_at`, `updated_at`) VALUES (:nomor_identitas:, :role:, :username:, :email:, :gender:, :phone:, :status:, :created_at:, :updated_at:)', [...], false)
 5 SYSTEMPATH\Model.php(355): CodeIgniter\Database\BaseBuilder->insert()
 6 SYSTEMPATH\BaseModel.php(899): CodeIgniter\Model->doInsert([...])
 7 SYSTEMPATH\Model.php(668): CodeIgniter\BaseModel->insert([...], true)
 8 APPPATH\Controllers\PenggunaController.php(53): CodeIgniter\Model->insert(Object(stdClass))
 9 SYSTEMPATH\CodeIgniter.php(951): App\Controllers\PenggunaController->register()
10 SYSTEMPATH\CodeIgniter.php(497): CodeIgniter\CodeIgniter->runController(Object(App\Controllers\PenggunaController))
11 SYSTEMPATH\CodeIgniter.php(340): CodeIgniter\CodeIgniter->handleRequest(null, Object(Config\Cache), false)
12 SYSTEMPATH\Boot.php(417): CodeIgniter\CodeIgniter->run()
13 SYSTEMPATH\Boot.php(68): CodeIgniter\Boot::runCodeIgniter(Object(CodeIgniter\CodeIgniter))
14 FCPATH\index.php(59): CodeIgniter\Boot::bootWeb(Object(Config\Paths))
15 SYSTEMPATH\rewrite.php(44): require_once('C:\\Users\\loma\\Perpustakaan_CI4\\public\\index.php')
CRITICAL - 2026-05-04 10:52:42 --> CodeIgniter\Database\Exceptions\DatabaseException: Duplicate entry 'budi@email.com' for key 'pengguna.email'
[Method: POST, Route: api/pengguna/register]
in SYSTEMPATH\Database\BaseConnection.php on line 865.
 1 SYSTEMPATH\Database\BaseBuilder.php(2345): CodeIgniter\Database\BaseConnection->query('INSERT INTO `pengguna` (`nomor_identitas`, `role`, `username`, `email`, `gender`, `phone`, `status`, `created_at`, `updated_at`) VALUES (:nomor_identitas:, :role:, :username:, :email:, :gender:, :phone:, :status:, :created_at:, :updated_at:)', [...], false)
 2 SYSTEMPATH\Model.php(355): CodeIgniter\Database\BaseBuilder->insert()
 3 SYSTEMPATH\BaseModel.php(899): CodeIgniter\Model->doInsert([...])
 4 SYSTEMPATH\Model.php(668): CodeIgniter\BaseModel->insert([...], true)
 5 APPPATH\Controllers\PenggunaController.php(53): CodeIgniter\Model->insert(Object(stdClass))
 6 SYSTEMPATH\CodeIgniter.php(951): App\Controllers\PenggunaController->register()
 7 SYSTEMPATH\CodeIgniter.php(497): CodeIgniter\CodeIgniter->runController(Object(App\Controllers\PenggunaController))
 8 SYSTEMPATH\CodeIgniter.php(340): CodeIgniter\CodeIgniter->handleRequest(null, Object(Config\Cache), false)
 9 SYSTEMPATH\Boot.php(417): CodeIgniter\CodeIgniter->run()
10 SYSTEMPATH\Boot.php(68): CodeIgniter\Boot::runCodeIgniter(Object(CodeIgniter\CodeIgniter))
11 FCPATH\index.php(59): CodeIgniter\Boot::bootWeb(Object(Config\Paths))
12 SYSTEMPATH\rewrite.php(44): require_once('C:\\Users\\loma\\Perpustakaan_CI4\\public\\index.php')
CRITICAL - 2026-05-04 10:52:42 --> [Caused by] CodeIgniter\Database\Exceptions\DatabaseException: Duplicate entry 'budi@email.com' for key 'pengguna.email'
in SYSTEMPATH\Database\MySQLi\Connection.php on line 310.
 1 SYSTEMPATH\Database\BaseConnection.php(910): CodeIgniter\Database\MySQLi\Connection->execute('INSERT INTO `pengguna` (`nomor_identitas`, `role`, `username`, `email`, `gender`, `phone`, `status`, `created_at`, `updated_at`) VALUES (\'KTP99999999\', \'user\', \'budi_rajin\', \'budi@email.com\', \'L\', \'081234567890\', \'active\', \'2026-05-04 10:52:42\', \'2026-05-04 10:52:42\')')
 2 SYSTEMPATH\Database\BaseConnection.php(827): CodeIgniter\Database\BaseConnection->simpleQuery('INSERT INTO `pengguna` (`nomor_identitas`, `role`, `username`, `email`, `gender`, `phone`, `status`, `created_at`, `updated_at`) VALUES (\'KTP99999999\', \'user\', \'budi_rajin\', \'budi@email.com\', \'L\', \'081234567890\', \'active\', \'2026-05-04 10:52:42\', \'2026-05-04 10:52:42\')')
 3 SYSTEMPATH\Database\BaseBuilder.php(2345): CodeIgniter\Database\BaseConnection->query('INSERT INTO `pengguna` (`nomor_identitas`, `role`, `username`, `email`, `gender`, `phone`, `status`, `created_at`, `updated_at`) VALUES (:nomor_identitas:, :role:, :username:, :email:, :gender:, :phone:, :status:, :created_at:, :updated_at:)', [...], false)
 4 SYSTEMPATH\Model.php(355): CodeIgniter\Database\BaseBuilder->insert()
 5 SYSTEMPATH\BaseModel.php(899): CodeIgniter\Model->doInsert([...])
 6 SYSTEMPATH\Model.php(668): CodeIgniter\BaseModel->insert([...], true)
 7 APPPATH\Controllers\PenggunaController.php(53): CodeIgniter\Model->insert(Object(stdClass))
 8 SYSTEMPATH\CodeIgniter.php(951): App\Controllers\PenggunaController->register()
 9 SYSTEMPATH\CodeIgniter.php(497): CodeIgniter\CodeIgniter->runController(Object(App\Controllers\PenggunaController))
10 SYSTEMPATH\CodeIgniter.php(340): CodeIgniter\CodeIgniter->handleRequest(null, Object(Config\Cache), false)
11 SYSTEMPATH\Boot.php(417): CodeIgniter\CodeIgniter->run()
12 SYSTEMPATH\Boot.php(68): CodeIgniter\Boot::runCodeIgniter(Object(CodeIgniter\CodeIgniter))
13 FCPATH\index.php(59): CodeIgniter\Boot::bootWeb(Object(Config\Paths))
14 SYSTEMPATH\rewrite.php(44): require_once('C:\\Users\\loma\\Perpustakaan_CI4\\public\\index.php')
CRITICAL - 2026-05-04 10:52:42 --> [Caused by] mysqli_sql_exception: Duplicate entry 'budi@email.com' for key 'pengguna.email'
in SYSTEMPATH\Database\MySQLi\Connection.php on line 300.
 1 SYSTEMPATH\Database\MySQLi\Connection.php(300): mysqli->query('INSERT INTO `pengguna` (`nomor_identitas`, `role`, `username`, `email`, `gender`, `phone`, `status`, `created_at`, `updated_at`) VALUES (\'KTP99999999\', \'user\', \'budi_rajin\', \'budi@email.com\', \'L\', \'081234567890\', \'active\', \'2026-05-04 10:52:42\', \'2026-05-04 10:52:42\')', 0)
 2 SYSTEMPATH\Database\BaseConnection.php(910): CodeIgniter\Database\MySQLi\Connection->execute('INSERT INTO `pengguna` (`nomor_identitas`, `role`, `username`, `email`, `gender`, `phone`, `status`, `created_at`, `updated_at`) VALUES (\'KTP99999999\', \'user\', \'budi_rajin\', \'budi@email.com\', \'L\', \'081234567890\', \'active\', \'2026-05-04 10:52:42\', \'2026-05-04 10:52:42\')')
 3 SYSTEMPATH\Database\BaseConnection.php(827): CodeIgniter\Database\BaseConnection->simpleQuery('INSERT INTO `pengguna` (`nomor_identitas`, `role`, `username`, `email`, `gender`, `phone`, `status`, `created_at`, `updated_at`) VALUES (\'KTP99999999\', \'user\', \'budi_rajin\', \'budi@email.com\', \'L\', \'081234567890\', \'active\', \'2026-05-04 10:52:42\', \'2026-05-04 10:52:42\')')
 4 SYSTEMPATH\Database\BaseBuilder.php(2345): CodeIgniter\Database\BaseConnection->query('INSERT INTO `pengguna` (`nomor_identitas`, `role`, `username`, `email`, `gender`, `phone`, `status`, `created_at`, `updated_at`) VALUES (:nomor_identitas:, :role:, :username:, :email:, :gender:, :phone:, :status:, :created_at:, :updated_at:)', [...], false)
 5 SYSTEMPATH\Model.php(355): CodeIgniter\Database\BaseBuilder->insert()
 6 SYSTEMPATH\BaseModel.php(899): CodeIgniter\Model->doInsert([...])
 7 SYSTEMPATH\Model.php(668): CodeIgniter\BaseModel->insert([...], true)
 8 APPPATH\Controllers\PenggunaController.php(53): CodeIgniter\Model->insert(Object(stdClass))
 9 SYSTEMPATH\CodeIgniter.php(951): App\Controllers\PenggunaController->register()
10 SYSTEMPATH\CodeIgniter.php(497): CodeIgniter\CodeIgniter->runController(Object(App\Controllers\PenggunaController))
11 SYSTEMPATH\CodeIgniter.php(340): CodeIgniter\CodeIgniter->handleRequest(null, Object(Config\Cache), false)
12 SYSTEMPATH\Boot.php(417): CodeIgniter\CodeIgniter->run()
13 SYSTEMPATH\Boot.php(68): CodeIgniter\Boot::runCodeIgniter(Object(CodeIgniter\CodeIgniter))
14 FCPATH\index.php(59): CodeIgniter\Boot::bootWeb(Object(Config\Paths))
15 SYSTEMPATH\rewrite.php(44): require_once('C:\\Users\\loma\\Perpustakaan_CI4\\public\\index.php')
ERROR - 2026-05-04 10:58:42 --> Duplicate entry 'budi@email.com' for key 'pengguna.email'
in SYSTEMPATH\Database\MySQLi\Connection.php on line 300.
 1 SYSTEMPATH\Database\MySQLi\Connection.php(300): mysqli->query('INSERT INTO `pengguna` (`nomor_identitas`, `role`, `username`, `email`, `gender`, `phone`, `status`, `password`, `created_at`, `updated_at`) VALUES (\'KTP99999999\', \'user\', \'budi_rajin\', \'budi@email.com\', \'L\', \'081234567890\', \'active\', \'rahasiaku123\', \'2026-05-04 10:58:42\', \'2026-05-04 10:58:42\')', 0)
 2 SYSTEMPATH\Database\BaseConnection.php(910): CodeIgniter\Database\MySQLi\Connection->execute('INSERT INTO `pengguna` (`nomor_identitas`, `role`, `username`, `email`, `gender`, `phone`, `status`, `password`, `created_at`, `updated_at`) VALUES (\'KTP99999999\', \'user\', \'budi_rajin\', \'budi@email.com\', \'L\', \'081234567890\', \'active\', \'rahasiaku123\', \'2026-05-04 10:58:42\', \'2026-05-04 10:58:42\')')
 3 SYSTEMPATH\Database\BaseConnection.php(827): CodeIgniter\Database\BaseConnection->simpleQuery('INSERT INTO `pengguna` (`nomor_identitas`, `role`, `username`, `email`, `gender`, `phone`, `status`, `password`, `created_at`, `updated_at`) VALUES (\'KTP99999999\', \'user\', \'budi_rajin\', \'budi@email.com\', \'L\', \'081234567890\', \'active\', \'rahasiaku123\', \'2026-05-04 10:58:42\', \'2026-05-04 10:58:42\')')
 4 SYSTEMPATH\Database\BaseBuilder.php(2345): CodeIgniter\Database\BaseConnection->query('INSERT INTO `pengguna` (`nomor_identitas`, `role`, `username`, `email`, `gender`, `phone`, `status`, `password`, `created_at`, `updated_at`) VALUES (:nomor_identitas:, :role:, :username:, :email:, :gender:, :phone:, :status:, :password:, :created_at:, :updated_at:)', [...], false)
 5 SYSTEMPATH\Model.php(355): CodeIgniter\Database\BaseBuilder->insert()
 6 SYSTEMPATH\BaseModel.php(899): CodeIgniter\Model->doInsert([...])
 7 SYSTEMPATH\Model.php(668): CodeIgniter\BaseModel->insert([...], true)
 8 APPPATH\Controllers\PenggunaController.php(53): CodeIgniter\Model->insert([...])
 9 SYSTEMPATH\CodeIgniter.php(951): App\Controllers\PenggunaController->register()
10 SYSTEMPATH\CodeIgniter.php(497): CodeIgniter\CodeIgniter->runController(Object(App\Controllers\PenggunaController))
11 SYSTEMPATH\CodeIgniter.php(340): CodeIgniter\CodeIgniter->handleRequest(null, Object(Config\Cache), false)
12 SYSTEMPATH\Boot.php(417): CodeIgniter\CodeIgniter->run()
13 SYSTEMPATH\Boot.php(68): CodeIgniter\Boot::runCodeIgniter(Object(CodeIgniter\CodeIgniter))
14 FCPATH\index.php(59): CodeIgniter\Boot::bootWeb(Object(Config\Paths))
15 SYSTEMPATH\rewrite.php(44): require_once('C:\\Users\\loma\\Perpustakaan_CI4\\public\\index.php')
CRITICAL - 2026-05-04 10:58:42 --> CodeIgniter\Database\Exceptions\DatabaseException: Duplicate entry 'budi@email.com' for key 'pengguna.email'
[Method: POST, Route: api/pengguna/register]
in SYSTEMPATH\Database\BaseConnection.php on line 865.
 1 SYSTEMPATH\Database\BaseBuilder.php(2345): CodeIgniter\Database\BaseConnection->query('INSERT INTO `pengguna` (`nomor_identitas`, `role`, `username`, `email`, `gender`, `phone`, `status`, `password`, `created_at`, `updated_at`) VALUES (:nomor_identitas:, :role:, :username:, :email:, :gender:, :phone:, :status:, :password:, :created_at:, :updated_at:)', [...], false)
 2 SYSTEMPATH\Model.php(355): CodeIgniter\Database\BaseBuilder->insert()
 3 SYSTEMPATH\BaseModel.php(899): CodeIgniter\Model->doInsert([...])
 4 SYSTEMPATH\Model.php(668): CodeIgniter\BaseModel->insert([...], true)
 5 APPPATH\Controllers\PenggunaController.php(53): CodeIgniter\Model->insert([...])
 6 SYSTEMPATH\CodeIgniter.php(951): App\Controllers\PenggunaController->register()
 7 SYSTEMPATH\CodeIgniter.php(497): CodeIgniter\CodeIgniter->runController(Object(App\Controllers\PenggunaController))
 8 SYSTEMPATH\CodeIgniter.php(340): CodeIgniter\CodeIgniter->handleRequest(null, Object(Config\Cache), false)
 9 SYSTEMPATH\Boot.php(417): CodeIgniter\CodeIgniter->run()
10 SYSTEMPATH\Boot.php(68): CodeIgniter\Boot::runCodeIgniter(Object(CodeIgniter\CodeIgniter))
11 FCPATH\index.php(59): CodeIgniter\Boot::bootWeb(Object(Config\Paths))
12 SYSTEMPATH\rewrite.php(44): require_once('C:\\Users\\loma\\Perpustakaan_CI4\\public\\index.php')
CRITICAL - 2026-05-04 10:58:42 --> [Caused by] CodeIgniter\Database\Exceptions\DatabaseException: Duplicate entry 'budi@email.com' for key 'pengguna.email'
in SYSTEMPATH\Database\MySQLi\Connection.php on line 310.
 1 SYSTEMPATH\Database\BaseConnection.php(910): CodeIgniter\Database\MySQLi\Connection->execute('INSERT INTO `pengguna` (`nomor_identitas`, `role`, `username`, `email`, `gender`, `phone`, `status`, `password`, `created_at`, `updated_at`) VALUES (\'KTP99999999\', \'user\', \'budi_rajin\', \'budi@email.com\', \'L\', \'081234567890\', \'active\', \'rahasiaku123\', \'2026-05-04 10:58:42\', \'2026-05-04 10:58:42\')')
 2 SYSTEMPATH\Database\BaseConnection.php(827): CodeIgniter\Database\BaseConnection->simpleQuery('INSERT INTO `pengguna` (`nomor_identitas`, `role`, `username`, `email`, `gender`, `phone`, `status`, `password`, `created_at`, `updated_at`) VALUES (\'KTP99999999\', \'user\', \'budi_rajin\', \'budi@email.com\', \'L\', \'081234567890\', \'active\', \'rahasiaku123\', \'2026-05-04 10:58:42\', \'2026-05-04 10:58:42\')')
 3 SYSTEMPATH\Database\BaseBuilder.php(2345): CodeIgniter\Database\BaseConnection->query('INSERT INTO `pengguna` (`nomor_identitas`, `role`, `username`, `email`, `gender`, `phone`, `status`, `password`, `created_at`, `updated_at`) VALUES (:nomor_identitas:, :role:, :username:, :email:, :gender:, :phone:, :status:, :password:, :created_at:, :updated_at:)', [...], false)
 4 SYSTEMPATH\Model.php(355): CodeIgniter\Database\BaseBuilder->insert()
 5 SYSTEMPATH\BaseModel.php(899): CodeIgniter\Model->doInsert([...])
 6 SYSTEMPATH\Model.php(668): CodeIgniter\BaseModel->insert([...], true)
 7 APPPATH\Controllers\PenggunaController.php(53): CodeIgniter\Model->insert([...])
 8 SYSTEMPATH\CodeIgniter.php(951): App\Controllers\PenggunaController->register()
 9 SYSTEMPATH\CodeIgniter.php(497): CodeIgniter\CodeIgniter->runController(Object(App\Controllers\PenggunaController))
10 SYSTEMPATH\CodeIgniter.php(340): CodeIgniter\CodeIgniter->handleRequest(null, Object(Config\Cache), false)
11 SYSTEMPATH\Boot.php(417): CodeIgniter\CodeIgniter->run()
12 SYSTEMPATH\Boot.php(68): CodeIgniter\Boot::runCodeIgniter(Object(CodeIgniter\CodeIgniter))
13 FCPATH\index.php(59): CodeIgniter\Boot::bootWeb(Object(Config\Paths))
14 SYSTEMPATH\rewrite.php(44): require_once('C:\\Users\\loma\\Perpustakaan_CI4\\public\\index.php')
CRITICAL - 2026-05-04 10:58:42 --> [Caused by] mysqli_sql_exception: Duplicate entry 'budi@email.com' for key 'pengguna.email'
in SYSTEMPATH\Database\MySQLi\Connection.php on line 300.
 1 SYSTEMPATH\Database\MySQLi\Connection.php(300): mysqli->query('INSERT INTO `pengguna` (`nomor_identitas`, `role`, `username`, `email`, `gender`, `phone`, `status`, `password`, `created_at`, `updated_at`) VALUES (\'KTP99999999\', \'user\', \'budi_rajin\', \'budi@email.com\', \'L\', \'081234567890\', \'active\', \'rahasiaku123\', \'2026-05-04 10:58:42\', \'2026-05-04 10:58:42\')', 0)
 2 SYSTEMPATH\Database\BaseConnection.php(910): CodeIgniter\Database\MySQLi\Connection->execute('INSERT INTO `pengguna` (`nomor_identitas`, `role`, `username`, `email`, `gender`, `phone`, `status`, `password`, `created_at`, `updated_at`) VALUES (\'KTP99999999\', \'user\', \'budi_rajin\', \'budi@email.com\', \'L\', \'081234567890\', \'active\', \'rahasiaku123\', \'2026-05-04 10:58:42\', \'2026-05-04 10:58:42\')')
 3 SYSTEMPATH\Database\BaseConnection.php(827): CodeIgniter\Database\BaseConnection->simpleQuery('INSERT INTO `pengguna` (`nomor_identitas`, `role`, `username`, `email`, `gender`, `phone`, `status`, `password`, `created_at`, `updated_at`) VALUES (\'KTP99999999\', \'user\', \'budi_rajin\', \'budi@email.com\', \'L\', \'081234567890\', \'active\', \'rahasiaku123\', \'2026-05-04 10:58:42\', \'2026-05-04 10:58:42\')')
 4 SYSTEMPATH\Database\BaseBuilder.php(2345): CodeIgniter\Database\BaseConnection->query('INSERT INTO `pengguna` (`nomor_identitas`, `role`, `username`, `email`, `gender`, `phone`, `status`, `password`, `created_at`, `updated_at`) VALUES (:nomor_identitas:, :role:, :username:, :email:, :gender:, :phone:, :status:, :password:, :created_at:, :updated_at:)', [...], false)
 5 SYSTEMPATH\Model.php(355): CodeIgniter\Database\BaseBuilder->insert()
 6 SYSTEMPATH\BaseModel.php(899): CodeIgniter\Model->doInsert([...])
 7 SYSTEMPATH\Model.php(668): CodeIgniter\BaseModel->insert([...], true)
 8 APPPATH\Controllers\PenggunaController.php(53): CodeIgniter\Model->insert([...])
 9 SYSTEMPATH\CodeIgniter.php(951): App\Controllers\PenggunaController->register()
10 SYSTEMPATH\CodeIgniter.php(497): CodeIgniter\CodeIgniter->runController(Object(App\Controllers\PenggunaController))
11 SYSTEMPATH\CodeIgniter.php(340): CodeIgniter\CodeIgniter->handleRequest(null, Object(Config\Cache), false)
12 SYSTEMPATH\Boot.php(417): CodeIgniter\CodeIgniter->run()
13 SYSTEMPATH\Boot.php(68): CodeIgniter\Boot::runCodeIgniter(Object(CodeIgniter\CodeIgniter))
14 FCPATH\index.php(59): CodeIgniter\Boot::bootWeb(Object(Config\Paths))
15 SYSTEMPATH\rewrite.php(44): require_once('C:\\Users\\loma\\Perpustakaan_CI4\\public\\index.php')
ERROR - 2026-05-04 11:01:44 --> Duplicate entry '081234567890' for key 'pengguna.phone'
in SYSTEMPATH\Database\MySQLi\Connection.php on line 300.
 1 SYSTEMPATH\Database\MySQLi\Connection.php(300): mysqli->query('INSERT INTO `pengguna` (`nomor_identitas`, `role`, `username`, `email`, `gender`, `phone`, `status`, `password`, `created_at`, `updated_at`) VALUES (\'KTP99999999\', \'user\', \'budi_rajin\', \'budi_baru@email.com\', \'L\', \'081234567890\', \'active\', \'rahasiaku123\', \'2026-05-04 11:01:44\', \'2026-05-04 11:01:44\')', 0)
 2 SYSTEMPATH\Database\BaseConnection.php(910): CodeIgniter\Database\MySQLi\Connection->execute('INSERT INTO `pengguna` (`nomor_identitas`, `role`, `username`, `email`, `gender`, `phone`, `status`, `password`, `created_at`, `updated_at`) VALUES (\'KTP99999999\', \'user\', \'budi_rajin\', \'budi_baru@email.com\', \'L\', \'081234567890\', \'active\', \'rahasiaku123\', \'2026-05-04 11:01:44\', \'2026-05-04 11:01:44\')')
 3 SYSTEMPATH\Database\BaseConnection.php(827): CodeIgniter\Database\BaseConnection->simpleQuery('INSERT INTO `pengguna` (`nomor_identitas`, `role`, `username`, `email`, `gender`, `phone`, `status`, `password`, `created_at`, `updated_at`) VALUES (\'KTP99999999\', \'user\', \'budi_rajin\', \'budi_baru@email.com\', \'L\', \'081234567890\', \'active\', \'rahasiaku123\', \'2026-05-04 11:01:44\', \'2026-05-04 11:01:44\')')
 4 SYSTEMPATH\Database\BaseBuilder.php(2345): CodeIgniter\Database\BaseConnection->query('INSERT INTO `pengguna` (`nomor_identitas`, `role`, `username`, `email`, `gender`, `phone`, `status`, `password`, `created_at`, `updated_at`) VALUES (:nomor_identitas:, :role:, :username:, :email:, :gender:, :phone:, :status:, :password:, :created_at:, :updated_at:)', [...], false)
 5 SYSTEMPATH\Model.php(355): CodeIgniter\Database\BaseBuilder->insert()
 6 SYSTEMPATH\BaseModel.php(899): CodeIgniter\Model->doInsert([...])
 7 SYSTEMPATH\Model.php(668): CodeIgniter\BaseModel->insert([...], true)
 8 APPPATH\Controllers\PenggunaController.php(71): CodeIgniter\Model->insert([...])
 9 SYSTEMPATH\CodeIgniter.php(951): App\Controllers\PenggunaController->register()
10 SYSTEMPATH\CodeIgniter.php(497): CodeIgniter\CodeIgniter->runController(Object(App\Controllers\PenggunaController))
11 SYSTEMPATH\CodeIgniter.php(340): CodeIgniter\CodeIgniter->handleRequest(null, Object(Config\Cache), false)
12 SYSTEMPATH\Boot.php(417): CodeIgniter\CodeIgniter->run()
13 SYSTEMPATH\Boot.php(68): CodeIgniter\Boot::runCodeIgniter(Object(CodeIgniter\CodeIgniter))
14 FCPATH\index.php(59): CodeIgniter\Boot::bootWeb(Object(Config\Paths))
15 SYSTEMPATH\rewrite.php(44): require_once('C:\\Users\\loma\\Perpustakaan_CI4\\public\\index.php')
CRITICAL - 2026-05-04 11:01:44 --> CodeIgniter\Database\Exceptions\DatabaseException: Duplicate entry '081234567890' for key 'pengguna.phone'
[Method: POST, Route: api/pengguna/register]
in SYSTEMPATH\Database\BaseConnection.php on line 865.
 1 SYSTEMPATH\Database\BaseBuilder.php(2345): CodeIgniter\Database\BaseConnection->query('INSERT INTO `pengguna` (`nomor_identitas`, `role`, `username`, `email`, `gender`, `phone`, `status`, `password`, `created_at`, `updated_at`) VALUES (:nomor_identitas:, :role:, :username:, :email:, :gender:, :phone:, :status:, :password:, :created_at:, :updated_at:)', [...], false)
 2 SYSTEMPATH\Model.php(355): CodeIgniter\Database\BaseBuilder->insert()
 3 SYSTEMPATH\BaseModel.php(899): CodeIgniter\Model->doInsert([...])
 4 SYSTEMPATH\Model.php(668): CodeIgniter\BaseModel->insert([...], true)
 5 APPPATH\Controllers\PenggunaController.php(71): CodeIgniter\Model->insert([...])
 6 SYSTEMPATH\CodeIgniter.php(951): App\Controllers\PenggunaController->register()
 7 SYSTEMPATH\CodeIgniter.php(497): CodeIgniter\CodeIgniter->runController(Object(App\Controllers\PenggunaController))
 8 SYSTEMPATH\CodeIgniter.php(340): CodeIgniter\CodeIgniter->handleRequest(null, Object(Config\Cache), false)
 9 SYSTEMPATH\Boot.php(417): CodeIgniter\CodeIgniter->run()
10 SYSTEMPATH\Boot.php(68): CodeIgniter\Boot::runCodeIgniter(Object(CodeIgniter\CodeIgniter))
11 FCPATH\index.php(59): CodeIgniter\Boot::bootWeb(Object(Config\Paths))
12 SYSTEMPATH\rewrite.php(44): require_once('C:\\Users\\loma\\Perpustakaan_CI4\\public\\index.php')
CRITICAL - 2026-05-04 11:01:44 --> [Caused by] CodeIgniter\Database\Exceptions\DatabaseException: Duplicate entry '081234567890' for key 'pengguna.phone'
in SYSTEMPATH\Database\MySQLi\Connection.php on line 310.
 1 SYSTEMPATH\Database\BaseConnection.php(910): CodeIgniter\Database\MySQLi\Connection->execute('INSERT INTO `pengguna` (`nomor_identitas`, `role`, `username`, `email`, `gender`, `phone`, `status`, `password`, `created_at`, `updated_at`) VALUES (\'KTP99999999\', \'user\', \'budi_rajin\', \'budi_baru@email.com\', \'L\', \'081234567890\', \'active\', \'rahasiaku123\', \'2026-05-04 11:01:44\', \'2026-05-04 11:01:44\')')
 2 SYSTEMPATH\Database\BaseConnection.php(827): CodeIgniter\Database\BaseConnection->simpleQuery('INSERT INTO `pengguna` (`nomor_identitas`, `role`, `username`, `email`, `gender`, `phone`, `status`, `password`, `created_at`, `updated_at`) VALUES (\'KTP99999999\', \'user\', \'budi_rajin\', \'budi_baru@email.com\', \'L\', \'081234567890\', \'active\', \'rahasiaku123\', \'2026-05-04 11:01:44\', \'2026-05-04 11:01:44\')')
 3 SYSTEMPATH\Database\BaseBuilder.php(2345): CodeIgniter\Database\BaseConnection->query('INSERT INTO `pengguna` (`nomor_identitas`, `role`, `username`, `email`, `gender`, `phone`, `status`, `password`, `created_at`, `updated_at`) VALUES (:nomor_identitas:, :role:, :username:, :email:, :gender:, :phone:, :status:, :password:, :created_at:, :updated_at:)', [...], false)
 4 SYSTEMPATH\Model.php(355): CodeIgniter\Database\BaseBuilder->insert()
 5 SYSTEMPATH\BaseModel.php(899): CodeIgniter\Model->doInsert([...])
 6 SYSTEMPATH\Model.php(668): CodeIgniter\BaseModel->insert([...], true)
 7 APPPATH\Controllers\PenggunaController.php(71): CodeIgniter\Model->insert([...])
 8 SYSTEMPATH\CodeIgniter.php(951): App\Controllers\PenggunaController->register()
 9 SYSTEMPATH\CodeIgniter.php(497): CodeIgniter\CodeIgniter->runController(Object(App\Controllers\PenggunaController))
10 SYSTEMPATH\CodeIgniter.php(340): CodeIgniter\CodeIgniter->handleRequest(null, Object(Config\Cache), false)
11 SYSTEMPATH\Boot.php(417): CodeIgniter\CodeIgniter->run()
12 SYSTEMPATH\Boot.php(68): CodeIgniter\Boot::runCodeIgniter(Object(CodeIgniter\CodeIgniter))
13 FCPATH\index.php(59): CodeIgniter\Boot::bootWeb(Object(Config\Paths))
14 SYSTEMPATH\rewrite.php(44): require_once('C:\\Users\\loma\\Perpustakaan_CI4\\public\\index.php')
CRITICAL - 2026-05-04 11:01:44 --> [Caused by] mysqli_sql_exception: Duplicate entry '081234567890' for key 'pengguna.phone'
in SYSTEMPATH\Database\MySQLi\Connection.php on line 300.
 1 SYSTEMPATH\Database\MySQLi\Connection.php(300): mysqli->query('INSERT INTO `pengguna` (`nomor_identitas`, `role`, `username`, `email`, `gender`, `phone`, `status`, `password`, `created_at`, `updated_at`) VALUES (\'KTP99999999\', \'user\', \'budi_rajin\', \'budi_baru@email.com\', \'L\', \'081234567890\', \'active\', \'rahasiaku123\', \'2026-05-04 11:01:44\', \'2026-05-04 11:01:44\')', 0)
 2 SYSTEMPATH\Database\BaseConnection.php(910): CodeIgniter\Database\MySQLi\Connection->execute('INSERT INTO `pengguna` (`nomor_identitas`, `role`, `username`, `email`, `gender`, `phone`, `status`, `password`, `created_at`, `updated_at`) VALUES (\'KTP99999999\', \'user\', \'budi_rajin\', \'budi_baru@email.com\', \'L\', \'081234567890\', \'active\', \'rahasiaku123\', \'2026-05-04 11:01:44\', \'2026-05-04 11:01:44\')')
 3 SYSTEMPATH\Database\BaseConnection.php(827): CodeIgniter\Database\BaseConnection->simpleQuery('INSERT INTO `pengguna` (`nomor_identitas`, `role`, `username`, `email`, `gender`, `phone`, `status`, `password`, `created_at`, `updated_at`) VALUES (\'KTP99999999\', \'user\', \'budi_rajin\', \'budi_baru@email.com\', \'L\', \'081234567890\', \'active\', \'rahasiaku123\', \'2026-05-04 11:01:44\', \'2026-05-04 11:01:44\')')
 4 SYSTEMPATH\Database\BaseBuilder.php(2345): CodeIgniter\Database\BaseConnection->query('INSERT INTO `pengguna` (`nomor_identitas`, `role`, `username`, `email`, `gender`, `phone`, `status`, `password`, `created_at`, `updated_at`) VALUES (:nomor_identitas:, :role:, :username:, :email:, :gender:, :phone:, :status:, :password:, :created_at:, :updated_at:)', [...], false)
 5 SYSTEMPATH\Model.php(355): CodeIgniter\Database\BaseBuilder->insert()
 6 SYSTEMPATH\BaseModel.php(899): CodeIgniter\Model->doInsert([...])
 7 SYSTEMPATH\Model.php(668): CodeIgniter\BaseModel->insert([...], true)
 8 APPPATH\Controllers\PenggunaController.php(71): CodeIgniter\Model->insert([...])
 9 SYSTEMPATH\CodeIgniter.php(951): App\Controllers\PenggunaController->register()
10 SYSTEMPATH\CodeIgniter.php(497): CodeIgniter\CodeIgniter->runController(Object(App\Controllers\PenggunaController))
11 SYSTEMPATH\CodeIgniter.php(340): CodeIgniter\CodeIgniter->handleRequest(null, Object(Config\Cache), false)
12 SYSTEMPATH\Boot.php(417): CodeIgniter\CodeIgniter->run()
13 SYSTEMPATH\Boot.php(68): CodeIgniter\Boot::runCodeIgniter(Object(CodeIgniter\CodeIgniter))
14 FCPATH\index.php(59): CodeIgniter\Boot::bootWeb(Object(Config\Paths))
15 SYSTEMPATH\rewrite.php(44): require_once('C:\\Users\\loma\\Perpustakaan_CI4\\public\\index.php')
ERROR - 2026-05-04 11:02:15 --> Duplicate entry '081234567890' for key 'pengguna.phone'
in SYSTEMPATH\Database\MySQLi\Connection.php on line 300.
 1 SYSTEMPATH\Database\MySQLi\Connection.php(300): mysqli->query('INSERT INTO `pengguna` (`nomor_identitas`, `role`, `username`, `email`, `gender`, `phone`, `status`, `password`, `created_at`, `updated_at`) VALUES (\'KTP99999999\', \'user\', \'budi_rajin\', \'budi_baru@email.com\', \'L\', \'081234567890\', \'active\', \'rahasiaku123\', \'2026-05-04 11:02:15\', \'2026-05-04 11:02:15\')', 0)
 2 SYSTEMPATH\Database\BaseConnection.php(910): CodeIgniter\Database\MySQLi\Connection->execute('INSERT INTO `pengguna` (`nomor_identitas`, `role`, `username`, `email`, `gender`, `phone`, `status`, `password`, `created_at`, `updated_at`) VALUES (\'KTP99999999\', \'user\', \'budi_rajin\', \'budi_baru@email.com\', \'L\', \'081234567890\', \'active\', \'rahasiaku123\', \'2026-05-04 11:02:15\', \'2026-05-04 11:02:15\')')
 3 SYSTEMPATH\Database\BaseConnection.php(827): CodeIgniter\Database\BaseConnection->simpleQuery('INSERT INTO `pengguna` (`nomor_identitas`, `role`, `username`, `email`, `gender`, `phone`, `status`, `password`, `created_at`, `updated_at`) VALUES (\'KTP99999999\', \'user\', \'budi_rajin\', \'budi_baru@email.com\', \'L\', \'081234567890\', \'active\', \'rahasiaku123\', \'2026-05-04 11:02:15\', \'2026-05-04 11:02:15\')')
 4 SYSTEMPATH\Database\BaseBuilder.php(2345): CodeIgniter\Database\BaseConnection->query('INSERT INTO `pengguna` (`nomor_identitas`, `role`, `username`, `email`, `gender`, `phone`, `status`, `password`, `created_at`, `updated_at`) VALUES (:nomor_identitas:, :role:, :username:, :email:, :gender:, :phone:, :status:, :password:, :created_at:, :updated_at:)', [...], false)
 5 SYSTEMPATH\Model.php(355): CodeIgniter\Database\BaseBuilder->insert()
 6 SYSTEMPATH\BaseModel.php(899): CodeIgniter\Model->doInsert([...])
 7 SYSTEMPATH\Model.php(668): CodeIgniter\BaseModel->insert([...], true)
 8 APPPATH\Controllers\PenggunaController.php(53): CodeIgniter\Model->insert([...])
 9 SYSTEMPATH\CodeIgniter.php(951): App\Controllers\PenggunaController->register()
10 SYSTEMPATH\CodeIgniter.php(497): CodeIgniter\CodeIgniter->runController(Object(App\Controllers\PenggunaController))
11 SYSTEMPATH\CodeIgniter.php(340): CodeIgniter\CodeIgniter->handleRequest(null, Object(Config\Cache), false)
12 SYSTEMPATH\Boot.php(417): CodeIgniter\CodeIgniter->run()
13 SYSTEMPATH\Boot.php(68): CodeIgniter\Boot::runCodeIgniter(Object(CodeIgniter\CodeIgniter))
14 FCPATH\index.php(59): CodeIgniter\Boot::bootWeb(Object(Config\Paths))
15 SYSTEMPATH\rewrite.php(44): require_once('C:\\Users\\loma\\Perpustakaan_CI4\\public\\index.php')
CRITICAL - 2026-05-04 11:02:15 --> CodeIgniter\Database\Exceptions\DatabaseException: Duplicate entry '081234567890' for key 'pengguna.phone'
[Method: POST, Route: api/pengguna/register]
in SYSTEMPATH\Database\BaseConnection.php on line 865.
 1 SYSTEMPATH\Database\BaseBuilder.php(2345): CodeIgniter\Database\BaseConnection->query('INSERT INTO `pengguna` (`nomor_identitas`, `role`, `username`, `email`, `gender`, `phone`, `status`, `password`, `created_at`, `updated_at`) VALUES (:nomor_identitas:, :role:, :username:, :email:, :gender:, :phone:, :status:, :password:, :created_at:, :updated_at:)', [...], false)
 2 SYSTEMPATH\Model.php(355): CodeIgniter\Database\BaseBuilder->insert()
 3 SYSTEMPATH\BaseModel.php(899): CodeIgniter\Model->doInsert([...])
 4 SYSTEMPATH\Model.php(668): CodeIgniter\BaseModel->insert([...], true)
 5 APPPATH\Controllers\PenggunaController.php(53): CodeIgniter\Model->insert([...])
 6 SYSTEMPATH\CodeIgniter.php(951): App\Controllers\PenggunaController->register()
 7 SYSTEMPATH\CodeIgniter.php(497): CodeIgniter\CodeIgniter->runController(Object(App\Controllers\PenggunaController))
 8 SYSTEMPATH\CodeIgniter.php(340): CodeIgniter\CodeIgniter->handleRequest(null, Object(Config\Cache), false)
 9 SYSTEMPATH\Boot.php(417): CodeIgniter\CodeIgniter->run()
10 SYSTEMPATH\Boot.php(68): CodeIgniter\Boot::runCodeIgniter(Object(CodeIgniter\CodeIgniter))
11 FCPATH\index.php(59): CodeIgniter\Boot::bootWeb(Object(Config\Paths))
12 SYSTEMPATH\rewrite.php(44): require_once('C:\\Users\\loma\\Perpustakaan_CI4\\public\\index.php')
CRITICAL - 2026-05-04 11:02:15 --> [Caused by] CodeIgniter\Database\Exceptions\DatabaseException: Duplicate entry '081234567890' for key 'pengguna.phone'
in SYSTEMPATH\Database\MySQLi\Connection.php on line 310.
 1 SYSTEMPATH\Database\BaseConnection.php(910): CodeIgniter\Database\MySQLi\Connection->execute('INSERT INTO `pengguna` (`nomor_identitas`, `role`, `username`, `email`, `gender`, `phone`, `status`, `password`, `created_at`, `updated_at`) VALUES (\'KTP99999999\', \'user\', \'budi_rajin\', \'budi_baru@email.com\', \'L\', \'081234567890\', \'active\', \'rahasiaku123\', \'2026-05-04 11:02:15\', \'2026-05-04 11:02:15\')')
 2 SYSTEMPATH\Database\BaseConnection.php(827): CodeIgniter\Database\BaseConnection->simpleQuery('INSERT INTO `pengguna` (`nomor_identitas`, `role`, `username`, `email`, `gender`, `phone`, `status`, `password`, `created_at`, `updated_at`) VALUES (\'KTP99999999\', \'user\', \'budi_rajin\', \'budi_baru@email.com\', \'L\', \'081234567890\', \'active\', \'rahasiaku123\', \'2026-05-04 11:02:15\', \'2026-05-04 11:02:15\')')
 3 SYSTEMPATH\Database\BaseBuilder.php(2345): CodeIgniter\Database\BaseConnection->query('INSERT INTO `pengguna` (`nomor_identitas`, `role`, `username`, `email`, `gender`, `phone`, `status`, `password`, `created_at`, `updated_at`) VALUES (:nomor_identitas:, :role:, :username:, :email:, :gender:, :phone:, :status:, :password:, :created_at:, :updated_at:)', [...], false)
 4 SYSTEMPATH\Model.php(355): CodeIgniter\Database\BaseBuilder->insert()
 5 SYSTEMPATH\BaseModel.php(899): CodeIgniter\Model->doInsert([...])
 6 SYSTEMPATH\Model.php(668): CodeIgniter\BaseModel->insert([...], true)
 7 APPPATH\Controllers\PenggunaController.php(53): CodeIgniter\Model->insert([...])
 8 SYSTEMPATH\CodeIgniter.php(951): App\Controllers\PenggunaController->register()
 9 SYSTEMPATH\CodeIgniter.php(497): CodeIgniter\CodeIgniter->runController(Object(App\Controllers\PenggunaController))
10 SYSTEMPATH\CodeIgniter.php(340): CodeIgniter\CodeIgniter->handleRequest(null, Object(Config\Cache), false)
11 SYSTEMPATH\Boot.php(417): CodeIgniter\CodeIgniter->run()
12 SYSTEMPATH\Boot.php(68): CodeIgniter\Boot::runCodeIgniter(Object(CodeIgniter\CodeIgniter))
13 FCPATH\index.php(59): CodeIgniter\Boot::bootWeb(Object(Config\Paths))
14 SYSTEMPATH\rewrite.php(44): require_once('C:\\Users\\loma\\Perpustakaan_CI4\\public\\index.php')
CRITICAL - 2026-05-04 11:02:15 --> [Caused by] mysqli_sql_exception: Duplicate entry '081234567890' for key 'pengguna.phone'
in SYSTEMPATH\Database\MySQLi\Connection.php on line 300.
 1 SYSTEMPATH\Database\MySQLi\Connection.php(300): mysqli->query('INSERT INTO `pengguna` (`nomor_identitas`, `role`, `username`, `email`, `gender`, `phone`, `status`, `password`, `created_at`, `updated_at`) VALUES (\'KTP99999999\', \'user\', \'budi_rajin\', \'budi_baru@email.com\', \'L\', \'081234567890\', \'active\', \'rahasiaku123\', \'2026-05-04 11:02:15\', \'2026-05-04 11:02:15\')', 0)
 2 SYSTEMPATH\Database\BaseConnection.php(910): CodeIgniter\Database\MySQLi\Connection->execute('INSERT INTO `pengguna` (`nomor_identitas`, `role`, `username`, `email`, `gender`, `phone`, `status`, `password`, `created_at`, `updated_at`) VALUES (\'KTP99999999\', \'user\', \'budi_rajin\', \'budi_baru@email.com\', \'L\', \'081234567890\', \'active\', \'rahasiaku123\', \'2026-05-04 11:02:15\', \'2026-05-04 11:02:15\')')
 3 SYSTEMPATH\Database\BaseConnection.php(827): CodeIgniter\Database\BaseConnection->simpleQuery('INSERT INTO `pengguna` (`nomor_identitas`, `role`, `username`, `email`, `gender`, `phone`, `status`, `password`, `created_at`, `updated_at`) VALUES (\'KTP99999999\', \'user\', \'budi_rajin\', \'budi_baru@email.com\', \'L\', \'081234567890\', \'active\', \'rahasiaku123\', \'2026-05-04 11:02:15\', \'2026-05-04 11:02:15\')')
 4 SYSTEMPATH\Database\BaseBuilder.php(2345): CodeIgniter\Database\BaseConnection->query('INSERT INTO `pengguna` (`nomor_identitas`, `role`, `username`, `email`, `gender`, `phone`, `status`, `password`, `created_at`, `updated_at`) VALUES (:nomor_identitas:, :role:, :username:, :email:, :gender:, :phone:, :status:, :password:, :created_at:, :updated_at:)', [...], false)
 5 SYSTEMPATH\Model.php(355): CodeIgniter\Database\BaseBuilder->insert()
 6 SYSTEMPATH\BaseModel.php(899): CodeIgniter\Model->doInsert([...])
 7 SYSTEMPATH\Model.php(668): CodeIgniter\BaseModel->insert([...], true)
 8 APPPATH\Controllers\PenggunaController.php(53): CodeIgniter\Model->insert([...])
 9 SYSTEMPATH\CodeIgniter.php(951): App\Controllers\PenggunaController->register()
10 SYSTEMPATH\CodeIgniter.php(497): CodeIgniter\CodeIgniter->runController(Object(App\Controllers\PenggunaController))
11 SYSTEMPATH\CodeIgniter.php(340): CodeIgniter\CodeIgniter->handleRequest(null, Object(Config\Cache), false)
12 SYSTEMPATH\Boot.php(417): CodeIgniter\CodeIgniter->run()
13 SYSTEMPATH\Boot.php(68): CodeIgniter\Boot::runCodeIgniter(Object(CodeIgniter\CodeIgniter))
14 FCPATH\index.php(59): CodeIgniter\Boot::bootWeb(Object(Config\Paths))
15 SYSTEMPATH\rewrite.php(44): require_once('C:\\Users\\loma\\Perpustakaan_CI4\\public\\index.php')
