ERROR - 2026-05-19 05:38:40 --> Error connecting to the database: mysqli_sql_exception: No connection could be made because the target machine actively refused it in C:\Users\loma\Parenthesis Library Project\Backend Library\system\Database\MySQLi\Connection.php:201
Stack trace:
#0 C:\Users\loma\Parenthesis Library Project\Backend Library\system\Database\MySQLi\Connection.php(201): mysqli->real_connect('localhost', 'root', Object(SensitiveParameterValue), 'perpustakaan', 3306, '', 0)
#1 C:\Users\loma\Parenthesis Library Project\Backend Library\system\Database\BaseConnection.php(555): CodeIgniter\Database\MySQLi\Connection->connect(false)
#2 C:\Users\loma\Parenthesis Library Project\Backend Library\system\Database\BaseConnection.php(795): CodeIgniter\Database\BaseConnection->initialize()
#3 C:\Users\loma\Parenthesis Library Project\Backend Library\system\Database\BaseBuilder.php(1649): CodeIgniter\Database\BaseConnection->query('SELECT *\nFROM `...', Array, false)
#4 C:\Users\loma\Parenthesis Library Project\Backend Library\system\Model.php(253): CodeIgniter\Database\BaseBuilder->get()
#5 C:\Users\loma\Parenthesis Library Project\Backend Library\system\BaseModel.php(676): CodeIgniter\Model->doFindAll(0, 0)
#6 C:\Users\loma\Parenthesis Library Project\Backend Library\app\Controllers\BukuController.php(19): CodeIgniter\BaseModel->findAll()
#7 C:\Users\loma\Parenthesis Library Project\Backend Library\system\CodeIgniter.php(951): App\Controllers\BukuController->index()
#8 C:\Users\loma\Parenthesis Library Project\Backend Library\system\CodeIgniter.php(497): CodeIgniter\CodeIgniter->runController(Object(App\Controllers\BukuController))
#9 C:\Users\loma\Parenthesis Library Project\Backend Library\system\CodeIgniter.php(340): CodeIgniter\CodeIgniter->handleRequest(NULL, Object(Config\Cache), false)
#10 C:\Users\loma\Parenthesis Library Project\Backend Library\system\Boot.php(417): CodeIgniter\CodeIgniter->run()
#11 C:\Users\loma\Parenthesis Library Project\Backend Library\system\Boot.php(68): CodeIgniter\Boot::runCodeIgniter(Object(CodeIgniter\CodeIgniter))
#12 C:\Users\loma\Parenthesis Library Project\Backend Library\public\index.php(59): CodeIgniter\Boot::bootWeb(Object(Config\Paths))
#13 C:\Users\loma\Parenthesis Library Project\Backend Library\system\rewrite.php(44): require_once('C:\\Users\\loma\\P...')
#14 {main}

Next CodeIgniter\Database\Exceptions\DatabaseException: No connection could be made because the target machine actively refused it in C:\Users\loma\Parenthesis Library Project\Backend Library\system\Database\MySQLi\Connection.php:231
Stack trace:
#0 C:\Users\loma\Parenthesis Library Project\Backend Library\system\Database\BaseConnection.php(555): CodeIgniter\Database\MySQLi\Connection->connect(false)
#1 C:\Users\loma\Parenthesis Library Project\Backend Library\system\Database\BaseConnection.php(795): CodeIgniter\Database\BaseConnection->initialize()
#2 C:\Users\loma\Parenthesis Library Project\Backend Library\system\Database\BaseBuilder.php(1649): CodeIgniter\Database\BaseConnection->query('SELECT *\nFROM `...', Array, false)
#3 C:\Users\loma\Parenthesis Library Project\Backend Library\system\Model.php(253): CodeIgniter\Database\BaseBuilder->get()
#4 C:\Users\loma\Parenthesis Library Project\Backend Library\system\BaseModel.php(676): CodeIgniter\Model->doFindAll(0, 0)
#5 C:\Users\loma\Parenthesis Library Project\Backend Library\app\Controllers\BukuController.php(19): CodeIgniter\BaseModel->findAll()
#6 C:\Users\loma\Parenthesis Library Project\Backend Library\system\CodeIgniter.php(951): App\Controllers\BukuController->index()
#7 C:\Users\loma\Parenthesis Library Project\Backend Library\system\CodeIgniter.php(497): CodeIgniter\CodeIgniter->runController(Object(App\Controllers\BukuController))
#8 C:\Users\loma\Parenthesis Library Project\Backend Library\system\CodeIgniter.php(340): CodeIgniter\CodeIgniter->handleRequest(NULL, Object(Config\Cache), false)
#9 C:\Users\loma\Parenthesis Library Project\Backend Library\system\Boot.php(417): CodeIgniter\CodeIgniter->run()
#10 C:\Users\loma\Parenthesis Library Project\Backend Library\system\Boot.php(68): CodeIgniter\Boot::runCodeIgniter(Object(CodeIgniter\CodeIgniter))
#11 C:\Users\loma\Parenthesis Library Project\Backend Library\public\index.php(59): CodeIgniter\Boot::bootWeb(Object(Config\Paths))
#12 C:\Users\loma\Parenthesis Library Project\Backend Library\system\rewrite.php(44): require_once('C:\\Users\\loma\\P...')
#13 {main}
CRITICAL - 2026-05-19 05:38:40 --> CodeIgniter\Database\Exceptions\DatabaseException: Unable to connect to the database.
Main connection [MySQLi]: No connection could be made because the target machine actively refused it
[Method: GET, Route: api/buku]
in SYSTEMPATH\Database\BaseConnection.php on line 606.
 1 SYSTEMPATH\Database\BaseConnection.php(795): CodeIgniter\Database\BaseConnection->initialize()
 2 SYSTEMPATH\Database\BaseBuilder.php(1649): CodeIgniter\Database\BaseConnection->query('SELECT *
FROM `buku`', [], false)
 3 SYSTEMPATH\Model.php(253): CodeIgniter\Database\BaseBuilder->get()
 4 SYSTEMPATH\BaseModel.php(676): CodeIgniter\Model->doFindAll(0, 0)
 5 APPPATH\Controllers\BukuController.php(19): CodeIgniter\BaseModel->findAll()
 6 SYSTEMPATH\CodeIgniter.php(951): App\Controllers\BukuController->index()
 7 SYSTEMPATH\CodeIgniter.php(497): CodeIgniter\CodeIgniter->runController(Object(App\Controllers\BukuController))
 8 SYSTEMPATH\CodeIgniter.php(340): CodeIgniter\CodeIgniter->handleRequest(null, Object(Config\Cache), false)
 9 SYSTEMPATH\Boot.php(417): CodeIgniter\CodeIgniter->run()
10 SYSTEMPATH\Boot.php(68): CodeIgniter\Boot::runCodeIgniter(Object(CodeIgniter\CodeIgniter))
11 FCPATH\index.php(59): CodeIgniter\Boot::bootWeb(Object(Config\Paths))
12 SYSTEMPATH\rewrite.php(44): require_once('C:\\Users\\loma\\Parenthesis Library Project\\Backend Library\\public\\index.php')
CRITICAL - 2026-05-19 05:58:15 --> CodeIgniter\HTTP\Exceptions\BadRequestException: The URI you submitted has disallowed characters: "style.css net::ERR_ABORTED 404 (Not Found)"
[Method: GET, Route: css2/style.css%20net::ERR_ABORTED%20404%20%28Not%20Found%29]
in SYSTEMPATH\Router\Router.php on line 768.
 1 SYSTEMPATH\Router\Router.php(219): CodeIgniter\Router\Router->checkDisallowedChars('css2/style.css net::ERR_ABORTED 404 (Not Found)')
 2 SYSTEMPATH\CodeIgniter.php(829): CodeIgniter\Router\Router->handle('css2/style.css net::ERR_ABORTED 404 (Not Found)')
 3 SYSTEMPATH\CodeIgniter.php(441): CodeIgniter\CodeIgniter->tryToRouteIt(Object(CodeIgniter\Router\RouteCollection))
 4 SYSTEMPATH\CodeIgniter.php(340): CodeIgniter\CodeIgniter->handleRequest(null, Object(Config\Cache), false)
 5 SYSTEMPATH\Boot.php(417): CodeIgniter\CodeIgniter->run()
 6 SYSTEMPATH\Boot.php(68): CodeIgniter\Boot::runCodeIgniter(Object(CodeIgniter\CodeIgniter))
 7 FCPATH\index.php(59): CodeIgniter\Boot::bootWeb(Object(Config\Paths))
 8 SYSTEMPATH\rewrite.php(44): require_once('C:\\Users\\loma\\Parenthesis Library Project\\Backend Library\\public\\index.php')
ERROR - 2026-05-19 07:43:26 --> Error connecting to the database: mysqli_sql_exception: Access denied for user 'root'@'localhost' (using password: YES) in C:\Users\loma\Parenthesis Library Project\Backend Library\system\Database\MySQLi\Connection.php:201
Stack trace:
#0 C:\Users\loma\Parenthesis Library Project\Backend Library\system\Database\MySQLi\Connection.php(201): mysqli->real_connect('localhost', 'root', Object(SensitiveParameterValue), 'perpustakaan', 3306, '', 0)
#1 C:\Users\loma\Parenthesis Library Project\Backend Library\system\Database\BaseConnection.php(555): CodeIgniter\Database\MySQLi\Connection->connect(false)
#2 C:\Users\loma\Parenthesis Library Project\Backend Library\system\Database\BaseConnection.php(795): CodeIgniter\Database\BaseConnection->initialize()
#3 C:\Users\loma\Parenthesis Library Project\Backend Library\system\Database\BaseBuilder.php(1649): CodeIgniter\Database\BaseConnection->query('SELECT *\nFROM `...', Array, false)
#4 C:\Users\loma\Parenthesis Library Project\Backend Library\system\Model.php(253): CodeIgniter\Database\BaseBuilder->get()
#5 C:\Users\loma\Parenthesis Library Project\Backend Library\system\BaseModel.php(676): CodeIgniter\Model->doFindAll(0, 0)
#6 C:\Users\loma\Parenthesis Library Project\Backend Library\app\Controllers\BukuController.php(19): CodeIgniter\BaseModel->findAll()
#7 C:\Users\loma\Parenthesis Library Project\Backend Library\system\CodeIgniter.php(951): App\Controllers\BukuController->index()
#8 C:\Users\loma\Parenthesis Library Project\Backend Library\system\CodeIgniter.php(497): CodeIgniter\CodeIgniter->runController(Object(App\Controllers\BukuController))
#9 C:\Users\loma\Parenthesis Library Project\Backend Library\system\CodeIgniter.php(340): CodeIgniter\CodeIgniter->handleRequest(NULL, Object(Config\Cache), false)
#10 C:\Users\loma\Parenthesis Library Project\Backend Library\system\Boot.php(417): CodeIgniter\CodeIgniter->run()
#11 C:\Users\loma\Parenthesis Library Project\Backend Library\system\Boot.php(68): CodeIgniter\Boot::runCodeIgniter(Object(CodeIgniter\CodeIgniter))
#12 C:\Users\loma\Parenthesis Library Project\Backend Library\public\index.php(59): CodeIgniter\Boot::bootWeb(Object(Config\Paths))
#13 C:\Users\loma\Parenthesis Library Project\Backend Library\system\rewrite.php(44): require_once('C:\\Users\\loma\\P...')
#14 {main}

Next CodeIgniter\Database\Exceptions\DatabaseException: Access denied for user '****'@'localhost' (using password: YES) in C:\Users\loma\Parenthesis Library Project\Backend Library\system\Database\MySQLi\Connection.php:231
Stack trace:
#0 C:\Users\loma\Parenthesis Library Project\Backend Library\system\Database\BaseConnection.php(555): CodeIgniter\Database\MySQLi\Connection->connect(false)
#1 C:\Users\loma\Parenthesis Library Project\Backend Library\system\Database\BaseConnection.php(795): CodeIgniter\Database\BaseConnection->initialize()
#2 C:\Users\loma\Parenthesis Library Project\Backend Library\system\Database\BaseBuilder.php(1649): CodeIgniter\Database\BaseConnection->query('SELECT *\nFROM `...', Array, false)
#3 C:\Users\loma\Parenthesis Library Project\Backend Library\system\Model.php(253): CodeIgniter\Database\BaseBuilder->get()
#4 C:\Users\loma\Parenthesis Library Project\Backend Library\system\BaseModel.php(676): CodeIgniter\Model->doFindAll(0, 0)
#5 C:\Users\loma\Parenthesis Library Project\Backend Library\app\Controllers\BukuController.php(19): CodeIgniter\BaseModel->findAll()
#6 C:\Users\loma\Parenthesis Library Project\Backend Library\system\CodeIgniter.php(951): App\Controllers\BukuController->index()
#7 C:\Users\loma\Parenthesis Library Project\Backend Library\system\CodeIgniter.php(497): CodeIgniter\CodeIgniter->runController(Object(App\Controllers\BukuController))
#8 C:\Users\loma\Parenthesis Library Project\Backend Library\system\CodeIgniter.php(340): CodeIgniter\CodeIgniter->handleRequest(NULL, Object(Config\Cache), false)
#9 C:\Users\loma\Parenthesis Library Project\Backend Library\system\Boot.php(417): CodeIgniter\CodeIgniter->run()
#10 C:\Users\loma\Parenthesis Library Project\Backend Library\system\Boot.php(68): CodeIgniter\Boot::runCodeIgniter(Object(CodeIgniter\CodeIgniter))
#11 C:\Users\loma\Parenthesis Library Project\Backend Library\public\index.php(59): CodeIgniter\Boot::bootWeb(Object(Config\Paths))
#12 C:\Users\loma\Parenthesis Library Project\Backend Library\system\rewrite.php(44): require_once('C:\\Users\\loma\\P...')
#13 {main}
CRITICAL - 2026-05-19 07:43:26 --> CodeIgniter\Database\Exceptions\DatabaseException: Unable to connect to the database.
Main connection [MySQLi]: Access denied for user '****'@'localhost' (using password: YES)
[Method: GET, Route: api/buku]
in SYSTEMPATH\Database\BaseConnection.php on line 606.
 1 SYSTEMPATH\Database\BaseConnection.php(795): CodeIgniter\Database\BaseConnection->initialize()
 2 SYSTEMPATH\Database\BaseBuilder.php(1649): CodeIgniter\Database\BaseConnection->query('SELECT *
FROM `buku`', [], false)
 3 SYSTEMPATH\Model.php(253): CodeIgniter\Database\BaseBuilder->get()
 4 SYSTEMPATH\BaseModel.php(676): CodeIgniter\Model->doFindAll(0, 0)
 5 APPPATH\Controllers\BukuController.php(19): CodeIgniter\BaseModel->findAll()
 6 SYSTEMPATH\CodeIgniter.php(951): App\Controllers\BukuController->index()
 7 SYSTEMPATH\CodeIgniter.php(497): CodeIgniter\CodeIgniter->runController(Object(App\Controllers\BukuController))
 8 SYSTEMPATH\CodeIgniter.php(340): CodeIgniter\CodeIgniter->handleRequest(null, Object(Config\Cache), false)
 9 SYSTEMPATH\Boot.php(417): CodeIgniter\CodeIgniter->run()
10 SYSTEMPATH\Boot.php(68): CodeIgniter\Boot::runCodeIgniter(Object(CodeIgniter\CodeIgniter))
11 FCPATH\index.php(59): CodeIgniter\Boot::bootWeb(Object(Config\Paths))
12 SYSTEMPATH\rewrite.php(44): require_once('C:\\Users\\loma\\Parenthesis Library Project\\Backend Library\\public\\index.php')
ERROR - 2026-05-19 07:45:59 --> Error connecting to the database: mysqli_sql_exception: Access denied for user 'root'@'localhost' (using password: YES) in C:\Users\loma\Parenthesis Library Project\Backend Library\system\Database\MySQLi\Connection.php:201
Stack trace:
#0 C:\Users\loma\Parenthesis Library Project\Backend Library\system\Database\MySQLi\Connection.php(201): mysqli->real_connect('localhost', 'root', Object(SensitiveParameterValue), 'coba_database', 3306, '', 0)
#1 C:\Users\loma\Parenthesis Library Project\Backend Library\system\Database\BaseConnection.php(555): CodeIgniter\Database\MySQLi\Connection->connect(false)
#2 C:\Users\loma\Parenthesis Library Project\Backend Library\system\Database\BaseConnection.php(795): CodeIgniter\Database\BaseConnection->initialize()
#3 C:\Users\loma\Parenthesis Library Project\Backend Library\system\Database\BaseBuilder.php(1649): CodeIgniter\Database\BaseConnection->query('SELECT *\nFROM `...', Array, false)
#4 C:\Users\loma\Parenthesis Library Project\Backend Library\system\Model.php(253): CodeIgniter\Database\BaseBuilder->get()
#5 C:\Users\loma\Parenthesis Library Project\Backend Library\system\BaseModel.php(676): CodeIgniter\Model->doFindAll(0, 0)
#6 C:\Users\loma\Parenthesis Library Project\Backend Library\app\Controllers\BukuController.php(19): CodeIgniter\BaseModel->findAll()
#7 C:\Users\loma\Parenthesis Library Project\Backend Library\system\CodeIgniter.php(951): App\Controllers\BukuController->index()
#8 C:\Users\loma\Parenthesis Library Project\Backend Library\system\CodeIgniter.php(497): CodeIgniter\CodeIgniter->runController(Object(App\Controllers\BukuController))
#9 C:\Users\loma\Parenthesis Library Project\Backend Library\system\CodeIgniter.php(340): CodeIgniter\CodeIgniter->handleRequest(NULL, Object(Config\Cache), false)
#10 C:\Users\loma\Parenthesis Library Project\Backend Library\system\Boot.php(417): CodeIgniter\CodeIgniter->run()
#11 C:\Users\loma\Parenthesis Library Project\Backend Library\system\Boot.php(68): CodeIgniter\Boot::runCodeIgniter(Object(CodeIgniter\CodeIgniter))
#12 C:\Users\loma\Parenthesis Library Project\Backend Library\public\index.php(59): CodeIgniter\Boot::bootWeb(Object(Config\Paths))
#13 C:\Users\loma\Parenthesis Library Project\Backend Library\system\rewrite.php(44): require_once('C:\\Users\\loma\\P...')
#14 {main}

Next CodeIgniter\Database\Exceptions\DatabaseException: Access denied for user '****'@'localhost' (using password: YES) in C:\Users\loma\Parenthesis Library Project\Backend Library\system\Database\MySQLi\Connection.php:231
Stack trace:
#0 C:\Users\loma\Parenthesis Library Project\Backend Library\system\Database\BaseConnection.php(555): CodeIgniter\Database\MySQLi\Connection->connect(false)
#1 C:\Users\loma\Parenthesis Library Project\Backend Library\system\Database\BaseConnection.php(795): CodeIgniter\Database\BaseConnection->initialize()
#2 C:\Users\loma\Parenthesis Library Project\Backend Library\system\Database\BaseBuilder.php(1649): CodeIgniter\Database\BaseConnection->query('SELECT *\nFROM `...', Array, false)
#3 C:\Users\loma\Parenthesis Library Project\Backend Library\system\Model.php(253): CodeIgniter\Database\BaseBuilder->get()
#4 C:\Users\loma\Parenthesis Library Project\Backend Library\system\BaseModel.php(676): CodeIgniter\Model->doFindAll(0, 0)
#5 C:\Users\loma\Parenthesis Library Project\Backend Library\app\Controllers\BukuController.php(19): CodeIgniter\BaseModel->findAll()
#6 C:\Users\loma\Parenthesis Library Project\Backend Library\system\CodeIgniter.php(951): App\Controllers\BukuController->index()
#7 C:\Users\loma\Parenthesis Library Project\Backend Library\system\CodeIgniter.php(497): CodeIgniter\CodeIgniter->runController(Object(App\Controllers\BukuController))
#8 C:\Users\loma\Parenthesis Library Project\Backend Library\system\CodeIgniter.php(340): CodeIgniter\CodeIgniter->handleRequest(NULL, Object(Config\Cache), false)
#9 C:\Users\loma\Parenthesis Library Project\Backend Library\system\Boot.php(417): CodeIgniter\CodeIgniter->run()
#10 C:\Users\loma\Parenthesis Library Project\Backend Library\system\Boot.php(68): CodeIgniter\Boot::runCodeIgniter(Object(CodeIgniter\CodeIgniter))
#11 C:\Users\loma\Parenthesis Library Project\Backend Library\public\index.php(59): CodeIgniter\Boot::bootWeb(Object(Config\Paths))
#12 C:\Users\loma\Parenthesis Library Project\Backend Library\system\rewrite.php(44): require_once('C:\\Users\\loma\\P...')
#13 {main}
CRITICAL - 2026-05-19 07:45:59 --> CodeIgniter\Database\Exceptions\DatabaseException: Unable to connect to the database.
Main connection [MySQLi]: Access denied for user '****'@'localhost' (using password: YES)
[Method: GET, Route: api/buku]
in SYSTEMPATH\Database\BaseConnection.php on line 606.
 1 SYSTEMPATH\Database\BaseConnection.php(795): CodeIgniter\Database\BaseConnection->initialize()
 2 SYSTEMPATH\Database\BaseBuilder.php(1649): CodeIgniter\Database\BaseConnection->query('SELECT *
FROM `buku`', [], false)
 3 SYSTEMPATH\Model.php(253): CodeIgniter\Database\BaseBuilder->get()
 4 SYSTEMPATH\BaseModel.php(676): CodeIgniter\Model->doFindAll(0, 0)
 5 APPPATH\Controllers\BukuController.php(19): CodeIgniter\BaseModel->findAll()
 6 SYSTEMPATH\CodeIgniter.php(951): App\Controllers\BukuController->index()
 7 SYSTEMPATH\CodeIgniter.php(497): CodeIgniter\CodeIgniter->runController(Object(App\Controllers\BukuController))
 8 SYSTEMPATH\CodeIgniter.php(340): CodeIgniter\CodeIgniter->handleRequest(null, Object(Config\Cache), false)
 9 SYSTEMPATH\Boot.php(417): CodeIgniter\CodeIgniter->run()
10 SYSTEMPATH\Boot.php(68): CodeIgniter\Boot::runCodeIgniter(Object(CodeIgniter\CodeIgniter))
11 FCPATH\index.php(59): CodeIgniter\Boot::bootWeb(Object(Config\Paths))
12 SYSTEMPATH\rewrite.php(44): require_once('C:\\Users\\loma\\Parenthesis Library Project\\Backend Library\\public\\index.php')
ERROR - 2026-05-19 07:46:01 --> Error connecting to the database: mysqli_sql_exception: Access denied for user 'root'@'localhost' (using password: YES) in C:\Users\loma\Parenthesis Library Project\Backend Library\system\Database\MySQLi\Connection.php:201
Stack trace:
#0 C:\Users\loma\Parenthesis Library Project\Backend Library\system\Database\MySQLi\Connection.php(201): mysqli->real_connect('localhost', 'root', Object(SensitiveParameterValue), 'coba_database', 3306, '', 0)
#1 C:\Users\loma\Parenthesis Library Project\Backend Library\system\Database\BaseConnection.php(555): CodeIgniter\Database\MySQLi\Connection->connect(false)
#2 C:\Users\loma\Parenthesis Library Project\Backend Library\system\Database\BaseConnection.php(795): CodeIgniter\Database\BaseConnection->initialize()
#3 C:\Users\loma\Parenthesis Library Project\Backend Library\system\Database\BaseBuilder.php(1649): CodeIgniter\Database\BaseConnection->query('SELECT *\nFROM `...', Array, false)
#4 C:\Users\loma\Parenthesis Library Project\Backend Library\system\Model.php(253): CodeIgniter\Database\BaseBuilder->get()
#5 C:\Users\loma\Parenthesis Library Project\Backend Library\system\BaseModel.php(676): CodeIgniter\Model->doFindAll(0, 0)
#6 C:\Users\loma\Parenthesis Library Project\Backend Library\app\Controllers\BukuController.php(19): CodeIgniter\BaseModel->findAll()
#7 C:\Users\loma\Parenthesis Library Project\Backend Library\system\CodeIgniter.php(951): App\Controllers\BukuController->index()
#8 C:\Users\loma\Parenthesis Library Project\Backend Library\system\CodeIgniter.php(497): CodeIgniter\CodeIgniter->runController(Object(App\Controllers\BukuController))
#9 C:\Users\loma\Parenthesis Library Project\Backend Library\system\CodeIgniter.php(340): CodeIgniter\CodeIgniter->handleRequest(NULL, Object(Config\Cache), false)
#10 C:\Users\loma\Parenthesis Library Project\Backend Library\system\Boot.php(417): CodeIgniter\CodeIgniter->run()
#11 C:\Users\loma\Parenthesis Library Project\Backend Library\system\Boot.php(68): CodeIgniter\Boot::runCodeIgniter(Object(CodeIgniter\CodeIgniter))
#12 C:\Users\loma\Parenthesis Library Project\Backend Library\public\index.php(59): CodeIgniter\Boot::bootWeb(Object(Config\Paths))
#13 C:\Users\loma\Parenthesis Library Project\Backend Library\system\rewrite.php(44): require_once('C:\\Users\\loma\\P...')
#14 {main}

Next CodeIgniter\Database\Exceptions\DatabaseException: Access denied for user '****'@'localhost' (using password: YES) in C:\Users\loma\Parenthesis Library Project\Backend Library\system\Database\MySQLi\Connection.php:231
Stack trace:
#0 C:\Users\loma\Parenthesis Library Project\Backend Library\system\Database\BaseConnection.php(555): CodeIgniter\Database\MySQLi\Connection->connect(false)
#1 C:\Users\loma\Parenthesis Library Project\Backend Library\system\Database\BaseConnection.php(795): CodeIgniter\Database\BaseConnection->initialize()
#2 C:\Users\loma\Parenthesis Library Project\Backend Library\system\Database\BaseBuilder.php(1649): CodeIgniter\Database\BaseConnection->query('SELECT *\nFROM `...', Array, false)
#3 C:\Users\loma\Parenthesis Library Project\Backend Library\system\Model.php(253): CodeIgniter\Database\BaseBuilder->get()
#4 C:\Users\loma\Parenthesis Library Project\Backend Library\system\BaseModel.php(676): CodeIgniter\Model->doFindAll(0, 0)
#5 C:\Users\loma\Parenthesis Library Project\Backend Library\app\Controllers\BukuController.php(19): CodeIgniter\BaseModel->findAll()
#6 C:\Users\loma\Parenthesis Library Project\Backend Library\system\CodeIgniter.php(951): App\Controllers\BukuController->index()
#7 C:\Users\loma\Parenthesis Library Project\Backend Library\system\CodeIgniter.php(497): CodeIgniter\CodeIgniter->runController(Object(App\Controllers\BukuController))
#8 C:\Users\loma\Parenthesis Library Project\Backend Library\system\CodeIgniter.php(340): CodeIgniter\CodeIgniter->handleRequest(NULL, Object(Config\Cache), false)
#9 C:\Users\loma\Parenthesis Library Project\Backend Library\system\Boot.php(417): CodeIgniter\CodeIgniter->run()
#10 C:\Users\loma\Parenthesis Library Project\Backend Library\system\Boot.php(68): CodeIgniter\Boot::runCodeIgniter(Object(CodeIgniter\CodeIgniter))
#11 C:\Users\loma\Parenthesis Library Project\Backend Library\public\index.php(59): CodeIgniter\Boot::bootWeb(Object(Config\Paths))
#12 C:\Users\loma\Parenthesis Library Project\Backend Library\system\rewrite.php(44): require_once('C:\\Users\\loma\\P...')
#13 {main}
CRITICAL - 2026-05-19 07:46:01 --> CodeIgniter\Database\Exceptions\DatabaseException: Unable to connect to the database.
Main connection [MySQLi]: Access denied for user '****'@'localhost' (using password: YES)
[Method: GET, Route: api/buku]
in SYSTEMPATH\Database\BaseConnection.php on line 606.
 1 SYSTEMPATH\Database\BaseConnection.php(795): CodeIgniter\Database\BaseConnection->initialize()
 2 SYSTEMPATH\Database\BaseBuilder.php(1649): CodeIgniter\Database\BaseConnection->query('SELECT *
FROM `buku`', [], false)
 3 SYSTEMPATH\Model.php(253): CodeIgniter\Database\BaseBuilder->get()
 4 SYSTEMPATH\BaseModel.php(676): CodeIgniter\Model->doFindAll(0, 0)
 5 APPPATH\Controllers\BukuController.php(19): CodeIgniter\BaseModel->findAll()
 6 SYSTEMPATH\CodeIgniter.php(951): App\Controllers\BukuController->index()
 7 SYSTEMPATH\CodeIgniter.php(497): CodeIgniter\CodeIgniter->runController(Object(App\Controllers\BukuController))
 8 SYSTEMPATH\CodeIgniter.php(340): CodeIgniter\CodeIgniter->handleRequest(null, Object(Config\Cache), false)
 9 SYSTEMPATH\Boot.php(417): CodeIgniter\CodeIgniter->run()
10 SYSTEMPATH\Boot.php(68): CodeIgniter\Boot::runCodeIgniter(Object(CodeIgniter\CodeIgniter))
11 FCPATH\index.php(59): CodeIgniter\Boot::bootWeb(Object(Config\Paths))
12 SYSTEMPATH\rewrite.php(44): require_once('C:\\Users\\loma\\Parenthesis Library Project\\Backend Library\\public\\index.php')
ERROR - 2026-05-19 07:46:03 --> Error connecting to the database: mysqli_sql_exception: Access denied for user 'root'@'localhost' (using password: YES) in C:\Users\loma\Parenthesis Library Project\Backend Library\system\Database\MySQLi\Connection.php:201
Stack trace:
#0 C:\Users\loma\Parenthesis Library Project\Backend Library\system\Database\MySQLi\Connection.php(201): mysqli->real_connect('localhost', 'root', Object(SensitiveParameterValue), 'coba_database', 3306, '', 0)
#1 C:\Users\loma\Parenthesis Library Project\Backend Library\system\Database\BaseConnection.php(555): CodeIgniter\Database\MySQLi\Connection->connect(false)
#2 C:\Users\loma\Parenthesis Library Project\Backend Library\system\Database\BaseConnection.php(795): CodeIgniter\Database\BaseConnection->initialize()
#3 C:\Users\loma\Parenthesis Library Project\Backend Library\system\Database\BaseBuilder.php(1649): CodeIgniter\Database\BaseConnection->query('SELECT *\nFROM `...', Array, false)
#4 C:\Users\loma\Parenthesis Library Project\Backend Library\system\Model.php(253): CodeIgniter\Database\BaseBuilder->get()
#5 C:\Users\loma\Parenthesis Library Project\Backend Library\system\BaseModel.php(676): CodeIgniter\Model->doFindAll(0, 0)
#6 C:\Users\loma\Parenthesis Library Project\Backend Library\app\Controllers\BukuController.php(19): CodeIgniter\BaseModel->findAll()
#7 C:\Users\loma\Parenthesis Library Project\Backend Library\system\CodeIgniter.php(951): App\Controllers\BukuController->index()
#8 C:\Users\loma\Parenthesis Library Project\Backend Library\system\CodeIgniter.php(497): CodeIgniter\CodeIgniter->runController(Object(App\Controllers\BukuController))
#9 C:\Users\loma\Parenthesis Library Project\Backend Library\system\CodeIgniter.php(340): CodeIgniter\CodeIgniter->handleRequest(NULL, Object(Config\Cache), false)
#10 C:\Users\loma\Parenthesis Library Project\Backend Library\system\Boot.php(417): CodeIgniter\CodeIgniter->run()
#11 C:\Users\loma\Parenthesis Library Project\Backend Library\system\Boot.php(68): CodeIgniter\Boot::runCodeIgniter(Object(CodeIgniter\CodeIgniter))
#12 C:\Users\loma\Parenthesis Library Project\Backend Library\public\index.php(59): CodeIgniter\Boot::bootWeb(Object(Config\Paths))
#13 C:\Users\loma\Parenthesis Library Project\Backend Library\system\rewrite.php(44): require_once('C:\\Users\\loma\\P...')
#14 {main}

Next CodeIgniter\Database\Exceptions\DatabaseException: Access denied for user '****'@'localhost' (using password: YES) in C:\Users\loma\Parenthesis Library Project\Backend Library\system\Database\MySQLi\Connection.php:231
Stack trace:
#0 C:\Users\loma\Parenthesis Library Project\Backend Library\system\Database\BaseConnection.php(555): CodeIgniter\Database\MySQLi\Connection->connect(false)
#1 C:\Users\loma\Parenthesis Library Project\Backend Library\system\Database\BaseConnection.php(795): CodeIgniter\Database\BaseConnection->initialize()
#2 C:\Users\loma\Parenthesis Library Project\Backend Library\system\Database\BaseBuilder.php(1649): CodeIgniter\Database\BaseConnection->query('SELECT *\nFROM `...', Array, false)
#3 C:\Users\loma\Parenthesis Library Project\Backend Library\system\Model.php(253): CodeIgniter\Database\BaseBuilder->get()
#4 C:\Users\loma\Parenthesis Library Project\Backend Library\system\BaseModel.php(676): CodeIgniter\Model->doFindAll(0, 0)
#5 C:\Users\loma\Parenthesis Library Project\Backend Library\app\Controllers\BukuController.php(19): CodeIgniter\BaseModel->findAll()
#6 C:\Users\loma\Parenthesis Library Project\Backend Library\system\CodeIgniter.php(951): App\Controllers\BukuController->index()
#7 C:\Users\loma\Parenthesis Library Project\Backend Library\system\CodeIgniter.php(497): CodeIgniter\CodeIgniter->runController(Object(App\Controllers\BukuController))
#8 C:\Users\loma\Parenthesis Library Project\Backend Library\system\CodeIgniter.php(340): CodeIgniter\CodeIgniter->handleRequest(NULL, Object(Config\Cache), false)
#9 C:\Users\loma\Parenthesis Library Project\Backend Library\system\Boot.php(417): CodeIgniter\CodeIgniter->run()
#10 C:\Users\loma\Parenthesis Library Project\Backend Library\system\Boot.php(68): CodeIgniter\Boot::runCodeIgniter(Object(CodeIgniter\CodeIgniter))
#11 C:\Users\loma\Parenthesis Library Project\Backend Library\public\index.php(59): CodeIgniter\Boot::bootWeb(Object(Config\Paths))
#12 C:\Users\loma\Parenthesis Library Project\Backend Library\system\rewrite.php(44): require_once('C:\\Users\\loma\\P...')
#13 {main}
CRITICAL - 2026-05-19 07:46:03 --> CodeIgniter\Database\Exceptions\DatabaseException: Unable to connect to the database.
Main connection [MySQLi]: Access denied for user '****'@'localhost' (using password: YES)
[Method: GET, Route: api/buku]
in SYSTEMPATH\Database\BaseConnection.php on line 606.
 1 SYSTEMPATH\Database\BaseConnection.php(795): CodeIgniter\Database\BaseConnection->initialize()
 2 SYSTEMPATH\Database\BaseBuilder.php(1649): CodeIgniter\Database\BaseConnection->query('SELECT *
FROM `buku`', [], false)
 3 SYSTEMPATH\Model.php(253): CodeIgniter\Database\BaseBuilder->get()
 4 SYSTEMPATH\BaseModel.php(676): CodeIgniter\Model->doFindAll(0, 0)
 5 APPPATH\Controllers\BukuController.php(19): CodeIgniter\BaseModel->findAll()
 6 SYSTEMPATH\CodeIgniter.php(951): App\Controllers\BukuController->index()
 7 SYSTEMPATH\CodeIgniter.php(497): CodeIgniter\CodeIgniter->runController(Object(App\Controllers\BukuController))
 8 SYSTEMPATH\CodeIgniter.php(340): CodeIgniter\CodeIgniter->handleRequest(null, Object(Config\Cache), false)
 9 SYSTEMPATH\Boot.php(417): CodeIgniter\CodeIgniter->run()
10 SYSTEMPATH\Boot.php(68): CodeIgniter\Boot::runCodeIgniter(Object(CodeIgniter\CodeIgniter))
11 FCPATH\index.php(59): CodeIgniter\Boot::bootWeb(Object(Config\Paths))
12 SYSTEMPATH\rewrite.php(44): require_once('C:\\Users\\loma\\Parenthesis Library Project\\Backend Library\\public\\index.php')
CRITICAL - 2026-05-19 07:59:47 --> ErrorException: Cannot modify header information - headers already sent by (output started at C:\Users\loma\Parenthesis Library Project\Backend Library\app\Config\Events.php:33)
[Method: POST, Route: api/login]
in APPPATH\Filters\Cors.php on line 13.
 1 [internal function]: CodeIgniter\Debug\Exceptions->errorHandler(2, 'Cannot modify header information - headers already sent by (output started at C:\\Users\\loma\\Parenthesis Library Project\\Backend Library\\app\\Config\\Events.php:33)', 'C:\\Users\\loma\\Parenthesis Library Project\\Backend Library\\app\\Filters\\Cors.php', 13)
 2 APPPATH\Filters\Cors.php(13): header('Access-Control-Allow-Origin: *')
 3 SYSTEMPATH\Filters\Filters.php(241): App\Filters\Cors->before(Object(CodeIgniter\HTTP\IncomingRequest), null)
 4 SYSTEMPATH\Filters\Filters.php(221): CodeIgniter\Filters\Filters->runBefore([...])
 5 SYSTEMPATH\CodeIgniter.php(465): CodeIgniter\Filters\Filters->run('api/login', 'before')
 6 SYSTEMPATH\CodeIgniter.php(340): CodeIgniter\CodeIgniter->handleRequest(null, Object(Config\Cache), false)
 7 SYSTEMPATH\Boot.php(417): CodeIgniter\CodeIgniter->run()
 8 SYSTEMPATH\Boot.php(68): CodeIgniter\Boot::runCodeIgniter(Object(CodeIgniter\CodeIgniter))
 9 FCPATH\index.php(70): CodeIgniter\Boot::bootWeb(Object(Config\Paths))
10 SYSTEMPATH\rewrite.php(44): require_once('C:\\Users\\loma\\Parenthesis Library Project\\Backend Library\\public\\index.php')
CRITICAL - 2026-05-19 08:03:24 --> ErrorException: Cannot modify header information - headers already sent by (output started at C:\Users\loma\Parenthesis Library Project\Backend Library\app\Config\Events.php:33)
[Method: POST, Route: api/login]
in APPPATH\Filters\Cors.php on line 13.
 1 [internal function]: CodeIgniter\Debug\Exceptions->errorHandler(2, 'Cannot modify header information - headers already sent by (output started at C:\\Users\\loma\\Parenthesis Library Project\\Backend Library\\app\\Config\\Events.php:33)', 'C:\\Users\\loma\\Parenthesis Library Project\\Backend Library\\app\\Filters\\Cors.php', 13)
 2 APPPATH\Filters\Cors.php(13): header('Access-Control-Allow-Origin: *')
 3 SYSTEMPATH\Filters\Filters.php(241): App\Filters\Cors->before(Object(CodeIgniter\HTTP\IncomingRequest), null)
 4 SYSTEMPATH\Filters\Filters.php(221): CodeIgniter\Filters\Filters->runBefore([...])
 5 SYSTEMPATH\CodeIgniter.php(465): CodeIgniter\Filters\Filters->run('api/login', 'before')
 6 SYSTEMPATH\CodeIgniter.php(340): CodeIgniter\CodeIgniter->handleRequest(null, Object(Config\Cache), false)
 7 SYSTEMPATH\Boot.php(417): CodeIgniter\CodeIgniter->run()
 8 SYSTEMPATH\Boot.php(68): CodeIgniter\Boot::runCodeIgniter(Object(CodeIgniter\CodeIgniter))
 9 FCPATH\index.php(70): CodeIgniter\Boot::bootWeb(Object(Config\Paths))
10 SYSTEMPATH\rewrite.php(44): require_once('C:\\Users\\loma\\Parenthesis Library Project\\Backend Library\\public\\index.php')
CRITICAL - 2026-05-19 08:04:13 --> ErrorException: Cannot modify header information - headers already sent by (output started at C:\Users\loma\Parenthesis Library Project\Backend Library\app\Config\Events.php:33)
[Method: POST, Route: api/login]
in APPPATH\Filters\Cors.php on line 13.
 1 [internal function]: CodeIgniter\Debug\Exceptions->errorHandler(2, 'Cannot modify header information - headers already sent by (output started at C:\\Users\\loma\\Parenthesis Library Project\\Backend Library\\app\\Config\\Events.php:33)', 'C:\\Users\\loma\\Parenthesis Library Project\\Backend Library\\app\\Filters\\Cors.php', 13)
 2 APPPATH\Filters\Cors.php(13): header('Access-Control-Allow-Origin: *')
 3 SYSTEMPATH\Filters\Filters.php(241): App\Filters\Cors->before(Object(CodeIgniter\HTTP\IncomingRequest), null)
 4 SYSTEMPATH\Filters\Filters.php(221): CodeIgniter\Filters\Filters->runBefore([...])
 5 SYSTEMPATH\CodeIgniter.php(465): CodeIgniter\Filters\Filters->run('api/login', 'before')
 6 SYSTEMPATH\CodeIgniter.php(340): CodeIgniter\CodeIgniter->handleRequest(null, Object(Config\Cache), false)
 7 SYSTEMPATH\Boot.php(417): CodeIgniter\CodeIgniter->run()
 8 SYSTEMPATH\Boot.php(68): CodeIgniter\Boot::runCodeIgniter(Object(CodeIgniter\CodeIgniter))
 9 FCPATH\index.php(70): CodeIgniter\Boot::bootWeb(Object(Config\Paths))
10 SYSTEMPATH\rewrite.php(44): require_once('C:\\Users\\loma\\Parenthesis Library Project\\Backend Library\\public\\index.php')
CRITICAL - 2026-05-19 08:05:25 --> ErrorException: Cannot modify header information - headers already sent by (output started at C:\Users\loma\Parenthesis Library Project\Backend Library\app\Config\Events.php:33)
[Method: POST, Route: api/login]
in APPPATH\Filters\Cors.php on line 13.
 1 [internal function]: CodeIgniter\Debug\Exceptions->errorHandler(2, 'Cannot modify header information - headers already sent by (output started at C:\\Users\\loma\\Parenthesis Library Project\\Backend Library\\app\\Config\\Events.php:33)', 'C:\\Users\\loma\\Parenthesis Library Project\\Backend Library\\app\\Filters\\Cors.php', 13)
 2 APPPATH\Filters\Cors.php(13): header('Access-Control-Allow-Origin: *')
 3 SYSTEMPATH\Filters\Filters.php(241): App\Filters\Cors->before(Object(CodeIgniter\HTTP\IncomingRequest), null)
 4 SYSTEMPATH\Filters\Filters.php(221): CodeIgniter\Filters\Filters->runBefore([...])
 5 SYSTEMPATH\CodeIgniter.php(465): CodeIgniter\Filters\Filters->run('api/login', 'before')
 6 SYSTEMPATH\CodeIgniter.php(340): CodeIgniter\CodeIgniter->handleRequest(null, Object(Config\Cache), false)
 7 SYSTEMPATH\Boot.php(417): CodeIgniter\CodeIgniter->run()
 8 SYSTEMPATH\Boot.php(68): CodeIgniter\Boot::runCodeIgniter(Object(CodeIgniter\CodeIgniter))
 9 FCPATH\index.php(70): CodeIgniter\Boot::bootWeb(Object(Config\Paths))
10 SYSTEMPATH\rewrite.php(44): require_once('C:\\Users\\loma\\Parenthesis Library Project\\Backend Library\\public\\index.php')
CRITICAL - 2026-05-19 08:05:32 --> ErrorException: Cannot modify header information - headers already sent by (output started at C:\Users\loma\Parenthesis Library Project\Backend Library\app\Config\Events.php:33)
[Method: POST, Route: api/login]
in APPPATH\Filters\Cors.php on line 13.
 1 [internal function]: CodeIgniter\Debug\Exceptions->errorHandler(2, 'Cannot modify header information - headers already sent by (output started at C:\\Users\\loma\\Parenthesis Library Project\\Backend Library\\app\\Config\\Events.php:33)', 'C:\\Users\\loma\\Parenthesis Library Project\\Backend Library\\app\\Filters\\Cors.php', 13)
 2 APPPATH\Filters\Cors.php(13): header('Access-Control-Allow-Origin: *')
 3 SYSTEMPATH\Filters\Filters.php(241): App\Filters\Cors->before(Object(CodeIgniter\HTTP\IncomingRequest), null)
 4 SYSTEMPATH\Filters\Filters.php(221): CodeIgniter\Filters\Filters->runBefore([...])
 5 SYSTEMPATH\CodeIgniter.php(465): CodeIgniter\Filters\Filters->run('api/login', 'before')
 6 SYSTEMPATH\CodeIgniter.php(340): CodeIgniter\CodeIgniter->handleRequest(null, Object(Config\Cache), false)
 7 SYSTEMPATH\Boot.php(417): CodeIgniter\CodeIgniter->run()
 8 SYSTEMPATH\Boot.php(68): CodeIgniter\Boot::runCodeIgniter(Object(CodeIgniter\CodeIgniter))
 9 FCPATH\index.php(70): CodeIgniter\Boot::bootWeb(Object(Config\Paths))
10 SYSTEMPATH\rewrite.php(44): require_once('C:\\Users\\loma\\Parenthesis Library Project\\Backend Library\\public\\index.php')
CRITICAL - 2026-05-19 08:09:37 --> ErrorException: Cannot modify header information - headers already sent by (output started at C:\Users\loma\Parenthesis Library Project\Backend Library\app\Config\Events.php:33)
[Method: POST, Route: api/login]
in APPPATH\Filters\Cors.php on line 13.
 1 [internal function]: CodeIgniter\Debug\Exceptions->errorHandler(2, 'Cannot modify header information - headers already sent by (output started at C:\\Users\\loma\\Parenthesis Library Project\\Backend Library\\app\\Config\\Events.php:33)', 'C:\\Users\\loma\\Parenthesis Library Project\\Backend Library\\app\\Filters\\Cors.php', 13)
 2 APPPATH\Filters\Cors.php(13): header('Access-Control-Allow-Origin: *')
 3 SYSTEMPATH\Filters\Filters.php(241): App\Filters\Cors->before(Object(CodeIgniter\HTTP\IncomingRequest), null)
 4 SYSTEMPATH\Filters\Filters.php(221): CodeIgniter\Filters\Filters->runBefore([...])
 5 SYSTEMPATH\CodeIgniter.php(465): CodeIgniter\Filters\Filters->run('api/login', 'before')
 6 SYSTEMPATH\CodeIgniter.php(340): CodeIgniter\CodeIgniter->handleRequest(null, Object(Config\Cache), false)
 7 SYSTEMPATH\Boot.php(417): CodeIgniter\CodeIgniter->run()
 8 SYSTEMPATH\Boot.php(68): CodeIgniter\Boot::runCodeIgniter(Object(CodeIgniter\CodeIgniter))
 9 FCPATH\index.php(70): CodeIgniter\Boot::bootWeb(Object(Config\Paths))
10 SYSTEMPATH\rewrite.php(44): require_once('C:\\Users\\loma\\Parenthesis Library Project\\Backend Library\\public\\index.php')
CRITICAL - 2026-05-19 08:11:52 --> ErrorException: Cannot modify header information - headers already sent by (output started at C:\Users\loma\Parenthesis Library Project\Backend Library\app\Config\Events.php:33)
[Method: GET, Route: api/buku]
in APPPATH\Filters\Cors.php on line 13.
 1 [internal function]: CodeIgniter\Debug\Exceptions->errorHandler(2, 'Cannot modify header information - headers already sent by (output started at C:\\Users\\loma\\Parenthesis Library Project\\Backend Library\\app\\Config\\Events.php:33)', 'C:\\Users\\loma\\Parenthesis Library Project\\Backend Library\\app\\Filters\\Cors.php', 13)
 2 APPPATH\Filters\Cors.php(13): header('Access-Control-Allow-Origin: *')
 3 SYSTEMPATH\Filters\Filters.php(241): App\Filters\Cors->before(Object(CodeIgniter\HTTP\IncomingRequest), null)
 4 SYSTEMPATH\Filters\Filters.php(221): CodeIgniter\Filters\Filters->runBefore([...])
 5 SYSTEMPATH\CodeIgniter.php(465): CodeIgniter\Filters\Filters->run('api/buku', 'before')
 6 SYSTEMPATH\CodeIgniter.php(340): CodeIgniter\CodeIgniter->handleRequest(null, Object(Config\Cache), false)
 7 SYSTEMPATH\Boot.php(417): CodeIgniter\CodeIgniter->run()
 8 SYSTEMPATH\Boot.php(68): CodeIgniter\Boot::runCodeIgniter(Object(CodeIgniter\CodeIgniter))
 9 FCPATH\index.php(70): CodeIgniter\Boot::bootWeb(Object(Config\Paths))
10 SYSTEMPATH\rewrite.php(44): require_once('C:\\Users\\loma\\Parenthesis Library Project\\Backend Library\\public\\index.php')
CRITICAL - 2026-05-19 08:13:08 --> ParseError: syntax error, unexpected token ">"
[Method: GET, Route: api/buku]
in APPPATH\Filters\Cors.php on line 33.
 1 SYSTEMPATH\Autoloader\Autoloader.php(295): CodeIgniter\Autoloader\Autoloader->includeFile('C:\\Users\\loma\\Parenthesis Library Project\\Backend Library\\app\\Filters\\Cors.php')
 2 SYSTEMPATH\Autoloader\Autoloader.php(271): CodeIgniter\Autoloader\Autoloader->loadInNamespace('App\\Filters\\Cors')
 3 SYSTEMPATH\Filters\Filters.php(299): CodeIgniter\Autoloader\Autoloader->loadClass('App\\Filters\\Cors')
 4 SYSTEMPATH\Filters\Filters.php(239): CodeIgniter\Filters\Filters->createFilter('App\\Filters\\Cors')
 5 SYSTEMPATH\Filters\Filters.php(221): CodeIgniter\Filters\Filters->runBefore([...])
 6 SYSTEMPATH\CodeIgniter.php(465): CodeIgniter\Filters\Filters->run('api/buku', 'before')
 7 SYSTEMPATH\CodeIgniter.php(340): CodeIgniter\CodeIgniter->handleRequest(null, Object(Config\Cache), false)
 8 SYSTEMPATH\Boot.php(417): CodeIgniter\CodeIgniter->run()
 9 SYSTEMPATH\Boot.php(68): CodeIgniter\Boot::runCodeIgniter(Object(CodeIgniter\CodeIgniter))
10 FCPATH\index.php(70): CodeIgniter\Boot::bootWeb(Object(Config\Paths))
11 SYSTEMPATH\rewrite.php(44): require_once('C:\\Users\\loma\\Parenthesis Library Project\\Backend Library\\public\\index.php')
CRITICAL - 2026-05-19 08:13:09 --> ParseError: syntax error, unexpected token ">"
[Method: GET, Route: api/buku]
in APPPATH\Filters\Cors.php on line 33.
 1 SYSTEMPATH\Autoloader\Autoloader.php(295): CodeIgniter\Autoloader\Autoloader->includeFile('C:\\Users\\loma\\Parenthesis Library Project\\Backend Library\\app\\Filters\\Cors.php')
 2 SYSTEMPATH\Autoloader\Autoloader.php(271): CodeIgniter\Autoloader\Autoloader->loadInNamespace('App\\Filters\\Cors')
 3 SYSTEMPATH\Filters\Filters.php(299): CodeIgniter\Autoloader\Autoloader->loadClass('App\\Filters\\Cors')
 4 SYSTEMPATH\Filters\Filters.php(239): CodeIgniter\Filters\Filters->createFilter('App\\Filters\\Cors')
 5 SYSTEMPATH\Filters\Filters.php(221): CodeIgniter\Filters\Filters->runBefore([...])
 6 SYSTEMPATH\CodeIgniter.php(465): CodeIgniter\Filters\Filters->run('api/buku', 'before')
 7 SYSTEMPATH\CodeIgniter.php(340): CodeIgniter\CodeIgniter->handleRequest(null, Object(Config\Cache), false)
 8 SYSTEMPATH\Boot.php(417): CodeIgniter\CodeIgniter->run()
 9 SYSTEMPATH\Boot.php(68): CodeIgniter\Boot::runCodeIgniter(Object(CodeIgniter\CodeIgniter))
10 FCPATH\index.php(70): CodeIgniter\Boot::bootWeb(Object(Config\Paths))
11 SYSTEMPATH\rewrite.php(44): require_once('C:\\Users\\loma\\Parenthesis Library Project\\Backend Library\\public\\index.php')
CRITICAL - 2026-05-19 08:13:38 --> Error: Class "App\Filters\Cors" not found
[Method: GET, Route: api/buku]
in SYSTEMPATH\Filters\Filters.php on line 299.
 1 SYSTEMPATH\Filters\Filters.php(239): CodeIgniter\Filters\Filters->createFilter('App\\Filters\\Cors')
 2 SYSTEMPATH\Filters\Filters.php(221): CodeIgniter\Filters\Filters->runBefore([...])
 3 SYSTEMPATH\CodeIgniter.php(465): CodeIgniter\Filters\Filters->run('api/buku', 'before')
 4 SYSTEMPATH\CodeIgniter.php(340): CodeIgniter\CodeIgniter->handleRequest(null, Object(Config\Cache), false)
 5 SYSTEMPATH\Boot.php(417): CodeIgniter\CodeIgniter->run()
 6 SYSTEMPATH\Boot.php(68): CodeIgniter\Boot::runCodeIgniter(Object(CodeIgniter\CodeIgniter))
 7 FCPATH\index.php(70): CodeIgniter\Boot::bootWeb(Object(Config\Paths))
 8 SYSTEMPATH\rewrite.php(44): require_once('C:\\Users\\loma\\Parenthesis Library Project\\Backend Library\\public\\index.php')
CRITICAL - 2026-05-19 08:14:38 --> ErrorException: Cannot modify header information - headers already sent by (output started at C:\Users\loma\Parenthesis Library Project\Backend Library\app\Config\Events.php:33)
[Method: POST, Route: api/login]
in APPPATH\Filters\Cors.php on line 13.
 1 [internal function]: CodeIgniter\Debug\Exceptions->errorHandler(2, 'Cannot modify header information - headers already sent by (output started at C:\\Users\\loma\\Parenthesis Library Project\\Backend Library\\app\\Config\\Events.php:33)', 'C:\\Users\\loma\\Parenthesis Library Project\\Backend Library\\app\\Filters\\Cors.php', 13)
 2 APPPATH\Filters\Cors.php(13): header('Access-Control-Allow-Origin: *')
 3 SYSTEMPATH\Filters\Filters.php(241): App\Filters\Cors->before(Object(CodeIgniter\HTTP\IncomingRequest), null)
 4 SYSTEMPATH\Filters\Filters.php(221): CodeIgniter\Filters\Filters->runBefore([...])
 5 SYSTEMPATH\CodeIgniter.php(465): CodeIgniter\Filters\Filters->run('api/login', 'before')
 6 SYSTEMPATH\CodeIgniter.php(340): CodeIgniter\CodeIgniter->handleRequest(null, Object(Config\Cache), false)
 7 SYSTEMPATH\Boot.php(417): CodeIgniter\CodeIgniter->run()
 8 SYSTEMPATH\Boot.php(68): CodeIgniter\Boot::runCodeIgniter(Object(CodeIgniter\CodeIgniter))
 9 FCPATH\index.php(70): CodeIgniter\Boot::bootWeb(Object(Config\Paths))
10 SYSTEMPATH\rewrite.php(44): require_once('C:\\Users\\loma\\Parenthesis Library Project\\Backend Library\\public\\index.php')
CRITICAL - 2026-05-19 08:18:39 --> ErrorException: Cannot modify header information - headers already sent by (output started at C:\Users\loma\Parenthesis Library Project\Backend Library\app\Config\Events.php:33)
[Method: POST, Route: api/login]
in APPPATH\Filters\Cors.php on line 13.
 1 [internal function]: CodeIgniter\Debug\Exceptions->errorHandler(2, 'Cannot modify header information - headers already sent by (output started at C:\\Users\\loma\\Parenthesis Library Project\\Backend Library\\app\\Config\\Events.php:33)', 'C:\\Users\\loma\\Parenthesis Library Project\\Backend Library\\app\\Filters\\Cors.php', 13)
 2 APPPATH\Filters\Cors.php(13): header('Access-Control-Allow-Origin: *')
 3 SYSTEMPATH\Filters\Filters.php(241): App\Filters\Cors->before(Object(CodeIgniter\HTTP\IncomingRequest), null)
 4 SYSTEMPATH\Filters\Filters.php(221): CodeIgniter\Filters\Filters->runBefore([...])
 5 SYSTEMPATH\CodeIgniter.php(465): CodeIgniter\Filters\Filters->run('api/login', 'before')
 6 SYSTEMPATH\CodeIgniter.php(340): CodeIgniter\CodeIgniter->handleRequest(null, Object(Config\Cache), false)
 7 SYSTEMPATH\Boot.php(417): CodeIgniter\CodeIgniter->run()
 8 SYSTEMPATH\Boot.php(68): CodeIgniter\Boot::runCodeIgniter(Object(CodeIgniter\CodeIgniter))
 9 FCPATH\index.php(70): CodeIgniter\Boot::bootWeb(Object(Config\Paths))
10 SYSTEMPATH\rewrite.php(44): require_once('C:\\Users\\loma\\Parenthesis Library Project\\Backend Library\\public\\index.php')
CRITICAL - 2026-05-19 08:21:10 --> ErrorException: Cannot modify header information - headers already sent by (output started at C:\Users\loma\Parenthesis Library Project\Backend Library\app\Config\Events.php:33)
[Method: POST, Route: api/login]
in APPPATH\Filters\Cors.php on line 13.
 1 [internal function]: CodeIgniter\Debug\Exceptions->errorHandler(2, 'Cannot modify header information - headers already sent by (output started at C:\\Users\\loma\\Parenthesis Library Project\\Backend Library\\app\\Config\\Events.php:33)', 'C:\\Users\\loma\\Parenthesis Library Project\\Backend Library\\app\\Filters\\Cors.php', 13)
 2 APPPATH\Filters\Cors.php(13): header('Access-Control-Allow-Origin: *')
 3 SYSTEMPATH\Filters\Filters.php(241): App\Filters\Cors->before(Object(CodeIgniter\HTTP\IncomingRequest), null)
 4 SYSTEMPATH\Filters\Filters.php(221): CodeIgniter\Filters\Filters->runBefore([...])
 5 SYSTEMPATH\CodeIgniter.php(465): CodeIgniter\Filters\Filters->run('api/login', 'before')
 6 SYSTEMPATH\CodeIgniter.php(340): CodeIgniter\CodeIgniter->handleRequest(null, Object(Config\Cache), false)
 7 SYSTEMPATH\Boot.php(417): CodeIgniter\CodeIgniter->run()
 8 SYSTEMPATH\Boot.php(68): CodeIgniter\Boot::runCodeIgniter(Object(CodeIgniter\CodeIgniter))
 9 FCPATH\index.php(70): CodeIgniter\Boot::bootWeb(Object(Config\Paths))
10 SYSTEMPATH\rewrite.php(44): require_once('C:\\Users\\loma\\Parenthesis Library Project\\Backend Library\\public\\index.php')
CRITICAL - 2026-05-19 08:24:53 --> ErrorException: Cannot modify header information - headers already sent by (output started at C:\Users\loma\Parenthesis Library Project\Backend Library\app\Config\Events.php:33)
[Method: POST, Route: api/login]
in APPPATH\Filters\Cors.php on line 13.
 1 [internal function]: CodeIgniter\Debug\Exceptions->errorHandler(2, 'Cannot modify header information - headers already sent by (output started at C:\\Users\\loma\\Parenthesis Library Project\\Backend Library\\app\\Config\\Events.php:33)', 'C:\\Users\\loma\\Parenthesis Library Project\\Backend Library\\app\\Filters\\Cors.php', 13)
 2 APPPATH\Filters\Cors.php(13): header('Access-Control-Allow-Origin: *')
 3 SYSTEMPATH\Filters\Filters.php(241): App\Filters\Cors->before(Object(CodeIgniter\HTTP\IncomingRequest), null)
 4 SYSTEMPATH\Filters\Filters.php(221): CodeIgniter\Filters\Filters->runBefore([...])
 5 SYSTEMPATH\CodeIgniter.php(465): CodeIgniter\Filters\Filters->run('api/login', 'before')
 6 SYSTEMPATH\CodeIgniter.php(340): CodeIgniter\CodeIgniter->handleRequest(null, Object(Config\Cache), false)
 7 SYSTEMPATH\Boot.php(417): CodeIgniter\CodeIgniter->run()
 8 SYSTEMPATH\Boot.php(68): CodeIgniter\Boot::runCodeIgniter(Object(CodeIgniter\CodeIgniter))
 9 FCPATH\index.php(70): CodeIgniter\Boot::bootWeb(Object(Config\Paths))
10 SYSTEMPATH\rewrite.php(44): require_once('C:\\Users\\loma\\Parenthesis Library Project\\Backend Library\\public\\index.php')
CRITICAL - 2026-05-19 08:26:32 --> ErrorException: Cannot modify header information - headers already sent by (output started at C:\Users\loma\Parenthesis Library Project\Backend Library\app\Config\Events.php:33)
[Method: POST, Route: api/login]
in APPPATH\Filters\Cors.php on line 13.
 1 [internal function]: CodeIgniter\Debug\Exceptions->errorHandler(2, 'Cannot modify header information - headers already sent by (output started at C:\\Users\\loma\\Parenthesis Library Project\\Backend Library\\app\\Config\\Events.php:33)', 'C:\\Users\\loma\\Parenthesis Library Project\\Backend Library\\app\\Filters\\Cors.php', 13)
 2 APPPATH\Filters\Cors.php(13): header('Access-Control-Allow-Origin: *')
 3 SYSTEMPATH\Filters\Filters.php(241): App\Filters\Cors->before(Object(CodeIgniter\HTTP\IncomingRequest), null)
 4 SYSTEMPATH\Filters\Filters.php(221): CodeIgniter\Filters\Filters->runBefore([...])
 5 SYSTEMPATH\CodeIgniter.php(465): CodeIgniter\Filters\Filters->run('api/login', 'before')
 6 SYSTEMPATH\CodeIgniter.php(340): CodeIgniter\CodeIgniter->handleRequest(null, Object(Config\Cache), false)
 7 SYSTEMPATH\Boot.php(417): CodeIgniter\CodeIgniter->run()
 8 SYSTEMPATH\Boot.php(68): CodeIgniter\Boot::runCodeIgniter(Object(CodeIgniter\CodeIgniter))
 9 FCPATH\index.php(70): CodeIgniter\Boot::bootWeb(Object(Config\Paths))
10 SYSTEMPATH\rewrite.php(44): require_once('C:\\Users\\loma\\Parenthesis Library Project\\Backend Library\\public\\index.php')
CRITICAL - 2026-05-19 08:28:58 --> ErrorException: Cannot modify header information - headers already sent by (output started at C:\Users\loma\Parenthesis Library Project\Backend Library\app\Config\Events.php:33)
[Method: POST, Route: api/login]
in APPPATH\Filters\Cors.php on line 13.
 1 [internal function]: CodeIgniter\Debug\Exceptions->errorHandler(2, 'Cannot modify header information - headers already sent by (output started at C:\\Users\\loma\\Parenthesis Library Project\\Backend Library\\app\\Config\\Events.php:33)', 'C:\\Users\\loma\\Parenthesis Library Project\\Backend Library\\app\\Filters\\Cors.php', 13)
 2 APPPATH\Filters\Cors.php(13): header('Access-Control-Allow-Origin: *')
 3 SYSTEMPATH\Filters\Filters.php(241): App\Filters\Cors->before(Object(CodeIgniter\HTTP\IncomingRequest), null)
 4 SYSTEMPATH\Filters\Filters.php(221): CodeIgniter\Filters\Filters->runBefore([...])
 5 SYSTEMPATH\CodeIgniter.php(465): CodeIgniter\Filters\Filters->run('api/login', 'before')
 6 SYSTEMPATH\CodeIgniter.php(340): CodeIgniter\CodeIgniter->handleRequest(null, Object(Config\Cache), false)
 7 SYSTEMPATH\Boot.php(417): CodeIgniter\CodeIgniter->run()
 8 SYSTEMPATH\Boot.php(68): CodeIgniter\Boot::runCodeIgniter(Object(CodeIgniter\CodeIgniter))
 9 FCPATH\index.php(70): CodeIgniter\Boot::bootWeb(Object(Config\Paths))
10 SYSTEMPATH\rewrite.php(44): require_once('C:\\Users\\loma\\Parenthesis Library Project\\Backend Library\\public\\index.php')
CRITICAL - 2026-05-19 08:29:47 --> ErrorException: Cannot modify header information - headers already sent by (output started at C:\Users\loma\Parenthesis Library Project\Backend Library\app\Config\Events.php:33)
[Method: POST, Route: api/login]
in APPPATH\Filters\Cors.php on line 13.
 1 [internal function]: CodeIgniter\Debug\Exceptions->errorHandler(2, 'Cannot modify header information - headers already sent by (output started at C:\\Users\\loma\\Parenthesis Library Project\\Backend Library\\app\\Config\\Events.php:33)', 'C:\\Users\\loma\\Parenthesis Library Project\\Backend Library\\app\\Filters\\Cors.php', 13)
 2 APPPATH\Filters\Cors.php(13): header('Access-Control-Allow-Origin: *')
 3 SYSTEMPATH\Filters\Filters.php(241): App\Filters\Cors->before(Object(CodeIgniter\HTTP\IncomingRequest), null)
 4 SYSTEMPATH\Filters\Filters.php(221): CodeIgniter\Filters\Filters->runBefore([...])
 5 SYSTEMPATH\CodeIgniter.php(465): CodeIgniter\Filters\Filters->run('api/login', 'before')
 6 SYSTEMPATH\CodeIgniter.php(340): CodeIgniter\CodeIgniter->handleRequest(null, Object(Config\Cache), false)
 7 SYSTEMPATH\Boot.php(417): CodeIgniter\CodeIgniter->run()
 8 SYSTEMPATH\Boot.php(68): CodeIgniter\Boot::runCodeIgniter(Object(CodeIgniter\CodeIgniter))
 9 FCPATH\index.php(70): CodeIgniter\Boot::bootWeb(Object(Config\Paths))
10 SYSTEMPATH\rewrite.php(44): require_once('C:\\Users\\loma\\Parenthesis Library Project\\Backend Library\\public\\index.php')
CRITICAL - 2026-05-19 08:33:49 --> ErrorException: Cannot modify header information - headers already sent by (output started at C:\Users\loma\Parenthesis Library Project\Backend Library\app\Config\Events.php:33)
[Method: POST, Route: api/login]
in APPPATH\Filters\Cors.php on line 13.
 1 [internal function]: CodeIgniter\Debug\Exceptions->errorHandler(2, 'Cannot modify header information - headers already sent by (output started at C:\\Users\\loma\\Parenthesis Library Project\\Backend Library\\app\\Config\\Events.php:33)', 'C:\\Users\\loma\\Parenthesis Library Project\\Backend Library\\app\\Filters\\Cors.php', 13)
 2 APPPATH\Filters\Cors.php(13): header('Access-Control-Allow-Origin: *')
 3 SYSTEMPATH\Filters\Filters.php(241): App\Filters\Cors->before(Object(CodeIgniter\HTTP\IncomingRequest), null)
 4 SYSTEMPATH\Filters\Filters.php(221): CodeIgniter\Filters\Filters->runBefore([...])
 5 SYSTEMPATH\CodeIgniter.php(465): CodeIgniter\Filters\Filters->run('api/login', 'before')
 6 SYSTEMPATH\CodeIgniter.php(340): CodeIgniter\CodeIgniter->handleRequest(null, Object(Config\Cache), false)
 7 SYSTEMPATH\Boot.php(417): CodeIgniter\CodeIgniter->run()
 8 SYSTEMPATH\Boot.php(68): CodeIgniter\Boot::runCodeIgniter(Object(CodeIgniter\CodeIgniter))
 9 FCPATH\index.php(70): CodeIgniter\Boot::bootWeb(Object(Config\Paths))
10 SYSTEMPATH\rewrite.php(44): require_once('C:\\Users\\loma\\Parenthesis Library Project\\Backend Library\\public\\index.php')
CRITICAL - 2026-05-19 08:36:41 --> ErrorException: Cannot modify header information - headers already sent by (output started at C:\Users\loma\Parenthesis Library Project\Backend Library\app\Config\Events.php:33)
[Method: POST, Route: api/login]
in APPPATH\Filters\Cors.php on line 13.
 1 [internal function]: CodeIgniter\Debug\Exceptions->errorHandler(2, 'Cannot modify header information - headers already sent by (output started at C:\\Users\\loma\\Parenthesis Library Project\\Backend Library\\app\\Config\\Events.php:33)', 'C:\\Users\\loma\\Parenthesis Library Project\\Backend Library\\app\\Filters\\Cors.php', 13)
 2 APPPATH\Filters\Cors.php(13): header('Access-Control-Allow-Origin: *')
 3 SYSTEMPATH\Filters\Filters.php(241): App\Filters\Cors->before(Object(CodeIgniter\HTTP\IncomingRequest), null)
 4 SYSTEMPATH\Filters\Filters.php(221): CodeIgniter\Filters\Filters->runBefore([...])
 5 SYSTEMPATH\CodeIgniter.php(465): CodeIgniter\Filters\Filters->run('api/login', 'before')
 6 SYSTEMPATH\CodeIgniter.php(340): CodeIgniter\CodeIgniter->handleRequest(null, Object(Config\Cache), false)
 7 SYSTEMPATH\Boot.php(417): CodeIgniter\CodeIgniter->run()
 8 SYSTEMPATH\Boot.php(68): CodeIgniter\Boot::runCodeIgniter(Object(CodeIgniter\CodeIgniter))
 9 FCPATH\index.php(70): CodeIgniter\Boot::bootWeb(Object(Config\Paths))
10 SYSTEMPATH\rewrite.php(44): require_once('C:\\Users\\loma\\Parenthesis Library Project\\Backend Library\\public\\index.php')
CRITICAL - 2026-05-19 08:37:13 --> ErrorException: Cannot modify header information - headers already sent by (output started at C:\Users\loma\Parenthesis Library Project\Backend Library\app\Config\Events.php:33)
[Method: POST, Route: api/login]
in APPPATH\Filters\Cors.php on line 13.
 1 [internal function]: CodeIgniter\Debug\Exceptions->errorHandler(2, 'Cannot modify header information - headers already sent by (output started at C:\\Users\\loma\\Parenthesis Library Project\\Backend Library\\app\\Config\\Events.php:33)', 'C:\\Users\\loma\\Parenthesis Library Project\\Backend Library\\app\\Filters\\Cors.php', 13)
 2 APPPATH\Filters\Cors.php(13): header('Access-Control-Allow-Origin: *')
 3 SYSTEMPATH\Filters\Filters.php(241): App\Filters\Cors->before(Object(CodeIgniter\HTTP\IncomingRequest), null)
 4 SYSTEMPATH\Filters\Filters.php(221): CodeIgniter\Filters\Filters->runBefore([...])
 5 SYSTEMPATH\CodeIgniter.php(465): CodeIgniter\Filters\Filters->run('api/login', 'before')
 6 SYSTEMPATH\CodeIgniter.php(340): CodeIgniter\CodeIgniter->handleRequest(null, Object(Config\Cache), false)
 7 SYSTEMPATH\Boot.php(417): CodeIgniter\CodeIgniter->run()
 8 SYSTEMPATH\Boot.php(68): CodeIgniter\Boot::runCodeIgniter(Object(CodeIgniter\CodeIgniter))
 9 FCPATH\index.php(70): CodeIgniter\Boot::bootWeb(Object(Config\Paths))
10 SYSTEMPATH\rewrite.php(44): require_once('C:\\Users\\loma\\Parenthesis Library Project\\Backend Library\\public\\index.php')
CRITICAL - 2026-05-19 08:42:21 --> Error: Class "App\Filters\Cors" not found
[Method: POST, Route: api/login]
in SYSTEMPATH\Filters\Filters.php on line 299.
 1 SYSTEMPATH\Filters\Filters.php(239): CodeIgniter\Filters\Filters->createFilter('App\\Filters\\Cors')
 2 SYSTEMPATH\Filters\Filters.php(221): CodeIgniter\Filters\Filters->runBefore([...])
 3 SYSTEMPATH\CodeIgniter.php(465): CodeIgniter\Filters\Filters->run('api/login', 'before')
 4 SYSTEMPATH\CodeIgniter.php(340): CodeIgniter\CodeIgniter->handleRequest(null, Object(Config\Cache), false)
 5 SYSTEMPATH\Boot.php(417): CodeIgniter\CodeIgniter->run()
 6 SYSTEMPATH\Boot.php(68): CodeIgniter\Boot::runCodeIgniter(Object(CodeIgniter\CodeIgniter))
 7 FCPATH\index.php(70): CodeIgniter\Boot::bootWeb(Object(Config\Paths))
 8 SYSTEMPATH\rewrite.php(44): require_once('C:\\Users\\loma\\Parenthesis Library Project\\Backend Library\\public\\index.php')
